{"/Users/nathanvale/code/azure-devops-bot/vitest.config.ts": {"path":"/Users/nathanvale/code/azure-devops-bot/vitest.config.ts","all":true,"statementMap":{"0":{"start":{"line":1,"column":0},"end":{"line":1,"column":44}},"1":{"start":{"line":2,"column":0},"end":{"line":2,"column":23}},"3":{"start":{"line":4,"column":0},"end":{"line":4,"column":29}},"4":{"start":{"line":5,"column":0},"end":{"line":5,"column":13}},"5":{"start":{"line":6,"column":0},"end":{"line":6,"column":13}},"6":{"start":{"line":7,"column":0},"end":{"line":7,"column":42}},"7":{"start":{"line":8,"column":0},"end":{"line":8,"column":6}},"8":{"start":{"line":9,"column":0},"end":{"line":9,"column":4}},"9":{"start":{"line":10,"column":0},"end":{"line":10,"column":9}},"10":{"start":{"line":11,"column":0},"end":{"line":11,"column":24}},"11":{"start":{"line":12,"column":0},"end":{"line":12,"column":18}},"12":{"start":{"line":13,"column":0},"end":{"line":13,"column":42}},"13":{"start":{"line":14,"column":0},"end":{"line":14,"column":34}},"14":{"start":{"line":15,"column":0},"end":{"line":15,"column":77}},"15":{"start":{"line":16,"column":0},"end":{"line":16,"column":15}},"16":{"start":{"line":17,"column":0},"end":{"line":17,"column":41}},"17":{"start":{"line":18,"column":0},"end":{"line":18,"column":65}},"18":{"start":{"line":19,"column":0},"end":{"line":19,"column":6}},"19":{"start":{"line":20,"column":0},"end":{"line":20,"column":4}},"20":{"start":{"line":21,"column":0},"end":{"line":21,"column":2}}},"s":{"0":0,"1":0,"3":0,"4":0,"5":0,"6":0,"7":0,"8":0,"9":0,"10":0,"11":0,"12":0,"13":0,"14":0,"15":0,"16":0,"17":0,"18":0,"19":0,"20":0},"branchMap":{"0":{"type":"branch","line":1,"loc":{"start":{"line":1,"column":531},"end":{"line":21,"column":2}},"locations":[{"start":{"line":1,"column":531},"end":{"line":21,"column":2}}]}},"b":{"0":[0]},"fnMap":{"0":{"name":"(empty-report)","decl":{"start":{"line":1,"column":531},"end":{"line":21,"column":2}},"loc":{"start":{"line":1,"column":531},"end":{"line":21,"column":2}},"line":1}},"f":{"0":0}}
,"/Users/nathanvale/code/azure-devops-bot/scripts/discover-and-migrate-schema.ts": {"path":"/Users/nathanvale/code/azure-devops-bot/scripts/discover-and-migrate-schema.ts","all":true,"statementMap":{"19":{"start":{"line":20,"column":0},"end":{"line":20,"column":72}},"20":{"start":{"line":21,"column":0},"end":{"line":21,"column":74}},"21":{"start":{"line":22,"column":0},"end":{"line":22,"column":65}},"23":{"start":{"line":24,"column":0},"end":{"line":24,"column":23}},"24":{"start":{"line":25,"column":0},"end":{"line":25,"column":37}},"26":{"start":{"line":27,"column":0},"end":{"line":27,"column":70}},"27":{"start":{"line":28,"column":0},"end":{"line":28,"column":70}},"30":{"start":{"line":31,"column":0},"end":{"line":31,"column":39}},"32":{"start":{"line":33,"column":0},"end":{"line":33,"column":26}},"33":{"start":{"line":34,"column":0},"end":{"line":34,"column":55}},"34":{"start":{"line":35,"column":0},"end":{"line":35,"column":89}},"35":{"start":{"line":36,"column":0},"end":{"line":36,"column":81}},"36":{"start":{"line":37,"column":0},"end":{"line":37,"column":20}},"37":{"start":{"line":38,"column":0},"end":{"line":38,"column":3}},"39":{"start":{"line":40,"column":0},"end":{"line":40,"column":40}},"40":{"start":{"line":41,"column":0},"end":{"line":41,"column":56}},"41":{"start":{"line":42,"column":0},"end":{"line":42,"column":84}},"44":{"start":{"line":45,"column":0},"end":{"line":45,"column":43}},"45":{"start":{"line":46,"column":0},"end":{"line":46,"column":52}},"46":{"start":{"line":47,"column":0},"end":{"line":47,"column":77}},"48":{"start":{"line":49,"column":0},"end":{"line":49,"column":77}},"49":{"start":{"line":50,"column":0},"end":{"line":50,"column":10}},"50":{"start":{"line":51,"column":0},"end":{"line":51,"column":80}},"51":{"start":{"line":52,"column":0},"end":{"line":52,"column":78}},"52":{"start":{"line":53,"column":0},"end":{"line":53,"column":3}},"54":{"start":{"line":55,"column":0},"end":{"line":55,"column":7}},"56":{"start":{"line":57,"column":0},"end":{"line":57,"column":81}},"57":{"start":{"line":58,"column":0},"end":{"line":58,"column":62}},"59":{"start":{"line":60,"column":0},"end":{"line":60,"column":91}},"60":{"start":{"line":61,"column":0},"end":{"line":61,"column":91}},"62":{"start":{"line":63,"column":0},"end":{"line":63,"column":50}},"63":{"start":{"line":64,"column":0},"end":{"line":64,"column":49}},"64":{"start":{"line":65,"column":0},"end":{"line":65,"column":96}},"65":{"start":{"line":66,"column":0},"end":{"line":66,"column":28}},"68":{"start":{"line":69,"column":0},"end":{"line":69,"column":76}},"69":{"start":{"line":70,"column":0},"end":{"line":70,"column":58}},"71":{"start":{"line":72,"column":0},"end":{"line":72,"column":83}},"73":{"start":{"line":74,"column":0},"end":{"line":74,"column":25}},"74":{"start":{"line":75,"column":0},"end":{"line":75,"column":69}},"75":{"start":{"line":76,"column":0},"end":{"line":76,"column":71}},"76":{"start":{"line":77,"column":0},"end":{"line":77,"column":73}},"77":{"start":{"line":78,"column":0},"end":{"line":78,"column":71}},"78":{"start":{"line":79,"column":0},"end":{"line":79,"column":82}},"80":{"start":{"line":81,"column":0},"end":{"line":81,"column":106}},"81":{"start":{"line":82,"column":0},"end":{"line":82,"column":36}},"82":{"start":{"line":83,"column":0},"end":{"line":83,"column":72}},"83":{"start":{"line":84,"column":0},"end":{"line":84,"column":59}},"84":{"start":{"line":85,"column":0},"end":{"line":85,"column":79}},"85":{"start":{"line":86,"column":0},"end":{"line":86,"column":12}},"86":{"start":{"line":87,"column":0},"end":{"line":87,"column":53}},"87":{"start":{"line":88,"column":0},"end":{"line":88,"column":47}},"88":{"start":{"line":89,"column":0},"end":{"line":89,"column":68}},"89":{"start":{"line":90,"column":0},"end":{"line":90,"column":70}},"90":{"start":{"line":91,"column":0},"end":{"line":91,"column":22}},"91":{"start":{"line":92,"column":0},"end":{"line":92,"column":5}},"93":{"start":{"line":94,"column":0},"end":{"line":94,"column":19}},"94":{"start":{"line":95,"column":0},"end":{"line":95,"column":46}},"95":{"start":{"line":96,"column":0},"end":{"line":96,"column":20}},"96":{"start":{"line":97,"column":0},"end":{"line":97,"column":3}},"97":{"start":{"line":98,"column":0},"end":{"line":98,"column":1}},"99":{"start":{"line":100,"column":0},"end":{"line":100,"column":30}},"100":{"start":{"line":101,"column":0},"end":{"line":101,"column":30}},"101":{"start":{"line":102,"column":0},"end":{"line":102,"column":1}}},"s":{"19":0,"20":0,"21":0,"23":0,"24":0,"26":0,"27":0,"30":0,"32":0,"33":0,"34":0,"35":0,"36":0,"37":0,"39":0,"40":0,"41":0,"44":0,"45":0,"46":0,"48":0,"49":0,"50":0,"51":0,"52":0,"54":0,"56":0,"57":0,"59":0,"60":0,"62":0,"63":0,"64":0,"65":0,"68":0,"69":0,"71":0,"73":0,"74":0,"75":0,"76":0,"77":0,"78":0,"80":0,"81":0,"82":0,"83":0,"84":0,"85":0,"86":0,"87":0,"88":0,"89":0,"90":0,"91":0,"93":0,"94":0,"95":0,"96":0,"97":0,"99":0,"100":0,"101":0},"branchMap":{"0":{"type":"branch","line":1,"loc":{"start":{"line":1,"column":4122},"end":{"line":102,"column":1}},"locations":[{"start":{"line":1,"column":4122},"end":{"line":102,"column":1}}]}},"b":{"0":[1]},"fnMap":{"0":{"name":"(empty-report)","decl":{"start":{"line":1,"column":4122},"end":{"line":102,"column":1}},"loc":{"start":{"line":1,"column":4122},"end":{"line":102,"column":1}},"line":1}},"f":{"0":1}}
,"/Users/nathanvale/code/azure-devops-bot/scripts/init-database.ts": {"path":"/Users/nathanvale/code/azure-devops-bot/scripts/init-database.ts","all":true,"statementMap":{"2":{"start":{"line":3,"column":0},"end":{"line":3,"column":41}},"3":{"start":{"line":4,"column":0},"end":{"line":4,"column":32}},"4":{"start":{"line":5,"column":0},"end":{"line":5,"column":24}},"6":{"start":{"line":7,"column":0},"end":{"line":7,"column":37}},"7":{"start":{"line":8,"column":0},"end":{"line":8,"column":62}},"9":{"start":{"line":10,"column":0},"end":{"line":10,"column":62}},"10":{"start":{"line":11,"column":0},"end":{"line":11,"column":73}},"13":{"start":{"line":14,"column":0},"end":{"line":14,"column":32}},"14":{"start":{"line":15,"column":0},"end":{"line":15,"column":63}},"15":{"start":{"line":16,"column":0},"end":{"line":16,"column":20}},"16":{"start":{"line":17,"column":0},"end":{"line":17,"column":3}},"18":{"start":{"line":19,"column":0},"end":{"line":19,"column":7}},"20":{"start":{"line":21,"column":0},"end":{"line":21,"column":40}},"22":{"start":{"line":23,"column":0},"end":{"line":23,"column":20}},"23":{"start":{"line":24,"column":0},"end":{"line":24,"column":69}},"24":{"start":{"line":25,"column":0},"end":{"line":25,"column":12}},"25":{"start":{"line":26,"column":0},"end":{"line":26,"column":69}},"26":{"start":{"line":27,"column":0},"end":{"line":27,"column":5}},"29":{"start":{"line":30,"column":0},"end":{"line":30,"column":53}},"30":{"start":{"line":31,"column":0},"end":{"line":31,"column":45}},"31":{"start":{"line":32,"column":0},"end":{"line":32,"column":23}},"32":{"start":{"line":33,"column":0},"end":{"line":33,"column":24}},"33":{"start":{"line":34,"column":0},"end":{"line":34,"column":7}},"36":{"start":{"line":37,"column":0},"end":{"line":37,"column":50}},"37":{"start":{"line":38,"column":0},"end":{"line":38,"column":39}},"38":{"start":{"line":39,"column":0},"end":{"line":39,"column":23}},"39":{"start":{"line":40,"column":0},"end":{"line":40,"column":24}},"40":{"start":{"line":41,"column":0},"end":{"line":41,"column":7}},"42":{"start":{"line":43,"column":0},"end":{"line":43,"column":55}},"43":{"start":{"line":44,"column":0},"end":{"line":44,"column":20}},"44":{"start":{"line":45,"column":0},"end":{"line":45,"column":31}},"45":{"start":{"line":46,"column":0},"end":{"line":46,"column":72}},"46":{"start":{"line":47,"column":0},"end":{"line":47,"column":54}},"47":{"start":{"line":48,"column":0},"end":{"line":48,"column":76}},"49":{"start":{"line":50,"column":0},"end":{"line":50,"column":19}},"50":{"start":{"line":51,"column":0},"end":{"line":51,"column":62}},"51":{"start":{"line":52,"column":0},"end":{"line":52,"column":20}},"52":{"start":{"line":53,"column":0},"end":{"line":53,"column":3}},"53":{"start":{"line":54,"column":0},"end":{"line":54,"column":1}},"56":{"start":{"line":57,"column":0},"end":{"line":57,"column":70}},"57":{"start":{"line":58,"column":0},"end":{"line":58,"column":44}},"58":{"start":{"line":59,"column":0},"end":{"line":59,"column":1}}},"s":{"2":0,"3":0,"4":0,"6":0,"7":0,"9":0,"10":0,"13":0,"14":0,"15":0,"16":0,"18":0,"20":0,"22":0,"23":0,"24":0,"25":0,"26":0,"29":0,"30":0,"31":0,"32":0,"33":0,"36":0,"37":0,"38":0,"39":0,"40":0,"42":0,"43":0,"44":0,"45":0,"46":0,"47":0,"49":0,"50":0,"51":0,"52":0,"53":0,"56":0,"57":0,"58":0},"branchMap":{"0":{"type":"branch","line":1,"loc":{"start":{"line":1,"column":1761},"end":{"line":61,"column":30}},"locations":[{"start":{"line":1,"column":1761},"end":{"line":61,"column":30}}]}},"b":{"0":[1]},"fnMap":{"0":{"name":"(empty-report)","decl":{"start":{"line":1,"column":1761},"end":{"line":61,"column":30}},"loc":{"start":{"line":1,"column":1761},"end":{"line":61,"column":30}},"line":1}},"f":{"0":1}}
,"/Users/nathanvale/code/azure-devops-bot/src/index.ts": {"path":"/Users/nathanvale/code/azure-devops-bot/src/index.ts","all":false,"statementMap":{"2":{"start":{"line":3,"column":0},"end":{"line":3,"column":57}},"3":{"start":{"line":4,"column":0},"end":{"line":4,"column":57}},"4":{"start":{"line":5,"column":0},"end":{"line":5,"column":57}},"5":{"start":{"line":6,"column":0},"end":{"line":6,"column":63}},"7":{"start":{"line":8,"column":0},"end":{"line":8,"column":29}},"8":{"start":{"line":9,"column":0},"end":{"line":9,"column":35}},"9":{"start":{"line":10,"column":0},"end":{"line":10,"column":30}},"10":{"start":{"line":11,"column":0},"end":{"line":11,"column":35}},"11":{"start":{"line":12,"column":0},"end":{"line":12,"column":36}},"13":{"start":{"line":14,"column":0},"end":{"line":14,"column":17}},"14":{"start":{"line":15,"column":0},"end":{"line":15,"column":41}},"15":{"start":{"line":16,"column":0},"end":{"line":16,"column":36}},"16":{"start":{"line":17,"column":0},"end":{"line":17,"column":48}},"17":{"start":{"line":18,"column":0},"end":{"line":18,"column":3}},"19":{"start":{"line":20,"column":0},"end":{"line":20,"column":37}},"20":{"start":{"line":21,"column":0},"end":{"line":21,"column":59}},"21":{"start":{"line":22,"column":0},"end":{"line":22,"column":21}},"22":{"start":{"line":23,"column":0},"end":{"line":23,"column":90}},"23":{"start":{"line":24,"column":0},"end":{"line":24,"column":24}},"24":{"start":{"line":25,"column":0},"end":{"line":25,"column":118}},"25":{"start":{"line":26,"column":0},"end":{"line":26,"column":100}},"26":{"start":{"line":27,"column":0},"end":{"line":27,"column":24}},"27":{"start":{"line":28,"column":0},"end":{"line":28,"column":78}},"28":{"start":{"line":29,"column":0},"end":{"line":29,"column":24}},"29":{"start":{"line":30,"column":0},"end":{"line":30,"column":67}},"30":{"start":{"line":31,"column":0},"end":{"line":31,"column":109}},"31":{"start":{"line":32,"column":0},"end":{"line":32,"column":24}},"32":{"start":{"line":33,"column":0},"end":{"line":33,"column":57}},"33":{"start":{"line":34,"column":0},"end":{"line":34,"column":101}},"34":{"start":{"line":35,"column":0},"end":{"line":35,"column":24}},"35":{"start":{"line":36,"column":0},"end":{"line":36,"column":93}},"36":{"start":{"line":37,"column":0},"end":{"line":37,"column":120}},"37":{"start":{"line":38,"column":0},"end":{"line":38,"column":24}},"38":{"start":{"line":39,"column":0},"end":{"line":39,"column":68}},"39":{"start":{"line":40,"column":0},"end":{"line":40,"column":103}},"40":{"start":{"line":41,"column":0},"end":{"line":41,"column":22}},"41":{"start":{"line":42,"column":0},"end":{"line":42,"column":5}},"43":{"start":{"line":44,"column":0},"end":{"line":44,"column":101}},"45":{"start":{"line":46,"column":0},"end":{"line":46,"column":30}},"46":{"start":{"line":47,"column":0},"end":{"line":47,"column":82}},"47":{"start":{"line":48,"column":0},"end":{"line":48,"column":100}},"48":{"start":{"line":49,"column":0},"end":{"line":49,"column":22}},"49":{"start":{"line":50,"column":0},"end":{"line":50,"column":5}},"51":{"start":{"line":52,"column":0},"end":{"line":52,"column":18}},"52":{"start":{"line":53,"column":0},"end":{"line":53,"column":3}},"54":{"start":{"line":55,"column":0},"end":{"line":55,"column":32}},"55":{"start":{"line":56,"column":0},"end":{"line":56,"column":9}},"57":{"start":{"line":58,"column":0},"end":{"line":58,"column":45}},"58":{"start":{"line":59,"column":0},"end":{"line":59,"column":55}},"60":{"start":{"line":61,"column":0},"end":{"line":61,"column":98}},"63":{"start":{"line":64,"column":0},"end":{"line":64,"column":50}},"64":{"start":{"line":65,"column":0},"end":{"line":65,"column":87}},"66":{"start":{"line":67,"column":0},"end":{"line":67,"column":31}},"67":{"start":{"line":68,"column":0},"end":{"line":68,"column":96}},"68":{"start":{"line":69,"column":0},"end":{"line":69,"column":64}},"69":{"start":{"line":70,"column":0},"end":{"line":70,"column":26}},"70":{"start":{"line":71,"column":0},"end":{"line":71,"column":62}},"71":{"start":{"line":72,"column":0},"end":{"line":72,"column":52}},"72":{"start":{"line":73,"column":0},"end":{"line":73,"column":69}},"73":{"start":{"line":74,"column":0},"end":{"line":74,"column":57}},"74":{"start":{"line":75,"column":0},"end":{"line":75,"column":26}},"75":{"start":{"line":76,"column":0},"end":{"line":76,"column":91}},"76":{"start":{"line":77,"column":0},"end":{"line":77,"column":24}},"77":{"start":{"line":78,"column":0},"end":{"line":78,"column":7}},"79":{"start":{"line":80,"column":0},"end":{"line":80,"column":87}},"82":{"start":{"line":83,"column":0},"end":{"line":83,"column":55}},"85":{"start":{"line":86,"column":0},"end":{"line":86,"column":61}},"86":{"start":{"line":87,"column":0},"end":{"line":87,"column":23}},"87":{"start":{"line":88,"column":0},"end":{"line":88,"column":71}},"88":{"start":{"line":89,"column":0},"end":{"line":89,"column":53}},"89":{"start":{"line":90,"column":0},"end":{"line":90,"column":7}},"92":{"start":{"line":93,"column":0},"end":{"line":93,"column":65}},"95":{"start":{"line":96,"column":0},"end":{"line":96,"column":83}},"96":{"start":{"line":97,"column":0},"end":{"line":97,"column":35}},"98":{"start":{"line":99,"column":0},"end":{"line":99,"column":21}},"99":{"start":{"line":100,"column":0},"end":{"line":100,"column":39}},"100":{"start":{"line":101,"column":0},"end":{"line":101,"column":22}},"101":{"start":{"line":102,"column":0},"end":{"line":102,"column":5}},"102":{"start":{"line":103,"column":0},"end":{"line":103,"column":3}},"104":{"start":{"line":105,"column":0},"end":{"line":105,"column":31}},"105":{"start":{"line":106,"column":0},"end":{"line":106,"column":35}},"106":{"start":{"line":107,"column":0},"end":{"line":107,"column":3}},"107":{"start":{"line":108,"column":0},"end":{"line":108,"column":1}},"110":{"start":{"line":111,"column":0},"end":{"line":111,"column":106}},"112":{"start":{"line":113,"column":0},"end":{"line":113,"column":35}},"114":{"start":{"line":115,"column":0},"end":{"line":115,"column":36}},"115":{"start":{"line":116,"column":0},"end":{"line":116,"column":41}},"116":{"start":{"line":117,"column":0},"end":{"line":117,"column":21}},"117":{"start":{"line":118,"column":0},"end":{"line":118,"column":20}},"118":{"start":{"line":119,"column":0},"end":{"line":119,"column":5}},"120":{"start":{"line":121,"column":0},"end":{"line":121,"column":37}},"121":{"start":{"line":122,"column":0},"end":{"line":122,"column":41}},"122":{"start":{"line":123,"column":0},"end":{"line":123,"column":21}},"123":{"start":{"line":124,"column":0},"end":{"line":124,"column":20}},"124":{"start":{"line":125,"column":0},"end":{"line":125,"column":5}},"127":{"start":{"line":128,"column":0},"end":{"line":128,"column":35}},"128":{"start":{"line":129,"column":0},"end":{"line":129,"column":1}}},"s":{"2":1,"3":1,"4":1,"5":1,"7":1,"8":19,"9":19,"10":19,"11":19,"13":19,"14":19,"15":19,"16":19,"17":19,"19":19,"20":19,"21":19,"22":2,"23":2,"24":2,"25":2,"26":2,"27":2,"28":2,"29":2,"30":2,"31":2,"32":2,"33":2,"34":2,"35":2,"36":2,"37":2,"38":2,"39":2,"40":2,"41":2,"43":17,"45":19,"46":2,"47":2,"48":2,"49":2,"51":15,"52":19,"54":19,"55":19,"57":19,"58":19,"60":19,"63":19,"64":19,"66":19,"67":3,"68":3,"69":3,"70":3,"71":3,"72":3,"73":3,"74":3,"75":3,"76":3,"77":3,"79":12,"82":12,"85":12,"86":19,"87":1,"88":1,"89":1,"92":19,"95":19,"96":11,"98":19,"99":8,"100":8,"101":8,"102":19,"104":19,"105":0,"106":0,"107":19,"110":1,"112":0,"114":0,"115":0,"116":0,"117":0,"118":0,"120":0,"121":0,"122":0,"123":0,"124":0,"127":0,"128":0},"branchMap":{"0":{"type":"branch","line":111,"loc":{"start":{"line":111,"column":105},"end":{"line":129,"column":1}},"locations":[{"start":{"line":111,"column":105},"end":{"line":129,"column":1}}]},"1":{"type":"branch","line":8,"loc":{"start":{"line":8,"column":28},"end":{"line":108,"column":1}},"locations":[{"start":{"line":8,"column":28},"end":{"line":108,"column":1}}]},"2":{"type":"branch","line":14,"loc":{"start":{"line":14,"column":2},"end":{"line":18,"column":3}},"locations":[{"start":{"line":14,"column":2},"end":{"line":18,"column":3}}]},"3":{"type":"branch","line":20,"loc":{"start":{"line":20,"column":10},"end":{"line":53,"column":3}},"locations":[{"start":{"line":20,"column":10},"end":{"line":53,"column":3}}]},"4":{"type":"branch","line":22,"loc":{"start":{"line":22,"column":20},"end":{"line":42,"column":5}},"locations":[{"start":{"line":22,"column":20},"end":{"line":42,"column":5}}]},"5":{"type":"branch","line":42,"loc":{"start":{"line":42,"column":4},"end":{"line":46,"column":29}},"locations":[{"start":{"line":42,"column":4},"end":{"line":46,"column":29}}]},"6":{"type":"branch","line":46,"loc":{"start":{"line":46,"column":29},"end":{"line":50,"column":5}},"locations":[{"start":{"line":46,"column":29},"end":{"line":50,"column":5}}]},"7":{"type":"branch","line":50,"loc":{"start":{"line":50,"column":4},"end":{"line":52,"column":18}},"locations":[{"start":{"line":50,"column":4},"end":{"line":52,"column":18}}]},"8":{"type":"branch","line":44,"loc":{"start":{"line":44,"column":44},"end":{"line":44,"column":65}},"locations":[{"start":{"line":44,"column":44},"end":{"line":44,"column":65}}]},"9":{"type":"branch","line":44,"loc":{"start":{"line":44,"column":74},"end":{"line":44,"column":99}},"locations":[{"start":{"line":44,"column":74},"end":{"line":44,"column":99}}]},"10":{"type":"branch","line":55,"loc":{"start":{"line":55,"column":2},"end":{"line":103,"column":3}},"locations":[{"start":{"line":55,"column":2},"end":{"line":103,"column":3}}]},"11":{"type":"branch","line":65,"loc":{"start":{"line":65,"column":85},"end":{"line":67,"column":30}},"locations":[{"start":{"line":65,"column":85},"end":{"line":67,"column":30}}]},"12":{"type":"branch","line":67,"loc":{"start":{"line":67,"column":30},"end":{"line":78,"column":7}},"locations":[{"start":{"line":67,"column":30},"end":{"line":78,"column":7}}]},"13":{"type":"branch","line":76,"loc":{"start":{"line":76,"column":60},"end":{"line":76,"column":83}},"locations":[{"start":{"line":76,"column":60},"end":{"line":76,"column":83}}]},"14":{"type":"branch","line":76,"loc":{"start":{"line":76,"column":79},"end":{"line":76,"column":89}},"locations":[{"start":{"line":76,"column":79},"end":{"line":76,"column":89}}]},"15":{"type":"branch","line":78,"loc":{"start":{"line":78,"column":6},"end":{"line":86,"column":61}},"locations":[{"start":{"line":78,"column":6},"end":{"line":86,"column":61}}]},"16":{"type":"branch","line":86,"loc":{"start":{"line":86,"column":59},"end":{"line":87,"column":22}},"locations":[{"start":{"line":86,"column":59},"end":{"line":87,"column":22}}]},"17":{"type":"branch","line":87,"loc":{"start":{"line":87,"column":22},"end":{"line":90,"column":7}},"locations":[{"start":{"line":87,"column":22},"end":{"line":90,"column":7}}]},"18":{"type":"branch","line":90,"loc":{"start":{"line":90,"column":6},"end":{"line":93,"column":55}},"locations":[{"start":{"line":90,"column":6},"end":{"line":93,"column":55}}]},"19":{"type":"branch","line":93,"loc":{"start":{"line":93,"column":50},"end":{"line":93,"column":65}},"locations":[{"start":{"line":93,"column":50},"end":{"line":93,"column":65}}]},"20":{"type":"branch","line":96,"loc":{"start":{"line":96,"column":81},"end":{"line":99,"column":13}},"locations":[{"start":{"line":96,"column":81},"end":{"line":99,"column":13}}]},"21":{"type":"branch","line":99,"loc":{"start":{"line":99,"column":4},"end":{"line":102,"column":5}},"locations":[{"start":{"line":99,"column":4},"end":{"line":102,"column":5}}]},"22":{"type":"branch","line":69,"loc":{"start":{"line":69,"column":24},"end":{"line":69,"column":62}},"locations":[{"start":{"line":69,"column":24},"end":{"line":69,"column":62}}]}},"b":{"0":[0],"1":[19],"2":[19],"3":[19],"4":[2],"5":[17],"6":[2],"7":[15],"8":[33],"9":[33],"10":[19],"11":[15],"12":[3],"13":[1],"14":[2],"15":[12],"16":[11],"17":[1],"18":[11],"19":[10],"20":[11],"21":[8],"22":[4]},"fnMap":{"0":{"name":"<instance_members_initializer>","decl":{"start":{"line":8,"column":28},"end":{"line":108,"column":1}},"loc":{"start":{"line":8,"column":28},"end":{"line":108,"column":1}},"line":8},"1":{"name":"AzureDevOpsBot","decl":{"start":{"line":14,"column":2},"end":{"line":18,"column":3}},"loc":{"start":{"line":14,"column":2},"end":{"line":18,"column":3}},"line":14},"2":{"name":"getUserEmails","decl":{"start":{"line":20,"column":10},"end":{"line":53,"column":3}},"loc":{"start":{"line":20,"column":10},"end":{"line":53,"column":3}},"line":20},"3":{"name":"start","decl":{"start":{"line":55,"column":2},"end":{"line":103,"column":3}},"loc":{"start":{"line":55,"column":2},"end":{"line":103,"column":3}},"line":55},"4":{"name":"stop","decl":{"start":{"line":105,"column":2},"end":{"line":107,"column":3}},"loc":{"start":{"line":105,"column":2},"end":{"line":107,"column":3}},"line":105}},"f":{"0":19,"1":19,"2":19,"3":19,"4":0}}
,"/Users/nathanvale/code/azure-devops-bot/src/mcp-server.ts": {"path":"/Users/nathanvale/code/azure-devops-bot/src/mcp-server.ts","all":false,"statementMap":{"2":{"start":{"line":3,"column":0},"end":{"line":3,"column":67}},"3":{"start":{"line":4,"column":0},"end":{"line":4,"column":81}},"4":{"start":{"line":5,"column":0},"end":{"line":5,"column":8}},"10":{"start":{"line":11,"column":0},"end":{"line":11,"column":57}},"11":{"start":{"line":12,"column":0},"end":{"line":12,"column":57}},"12":{"start":{"line":13,"column":0},"end":{"line":13,"column":57}},"13":{"start":{"line":14,"column":0},"end":{"line":14,"column":63}},"16":{"start":{"line":17,"column":0},"end":{"line":17,"column":35}},"17":{"start":{"line":18,"column":0},"end":{"line":18,"column":25}},"18":{"start":{"line":19,"column":0},"end":{"line":19,"column":35}},"19":{"start":{"line":20,"column":0},"end":{"line":20,"column":30}},"20":{"start":{"line":21,"column":0},"end":{"line":21,"column":35}},"21":{"start":{"line":22,"column":0},"end":{"line":22,"column":35}},"23":{"start":{"line":24,"column":0},"end":{"line":24,"column":17}},"24":{"start":{"line":25,"column":0},"end":{"line":25,"column":29}},"25":{"start":{"line":26,"column":0},"end":{"line":26,"column":7}},"26":{"start":{"line":27,"column":0},"end":{"line":27,"column":33}},"27":{"start":{"line":28,"column":0},"end":{"line":28,"column":25}},"28":{"start":{"line":29,"column":0},"end":{"line":29,"column":8}},"29":{"start":{"line":30,"column":0},"end":{"line":30,"column":7}},"30":{"start":{"line":31,"column":0},"end":{"line":31,"column":23}},"31":{"start":{"line":32,"column":0},"end":{"line":32,"column":20}},"32":{"start":{"line":33,"column":0},"end":{"line":33,"column":10}},"33":{"start":{"line":34,"column":0},"end":{"line":34,"column":7}},"34":{"start":{"line":35,"column":0},"end":{"line":35,"column":6}},"36":{"start":{"line":37,"column":0},"end":{"line":37,"column":41}},"37":{"start":{"line":38,"column":0},"end":{"line":38,"column":36}},"38":{"start":{"line":39,"column":0},"end":{"line":39,"column":48}},"40":{"start":{"line":41,"column":0},"end":{"line":41,"column":25}},"41":{"start":{"line":42,"column":0},"end":{"line":42,"column":3}},"43":{"start":{"line":44,"column":0},"end":{"line":44,"column":43}},"45":{"start":{"line":46,"column":0},"end":{"line":46,"column":39}},"46":{"start":{"line":47,"column":0},"end":{"line":47,"column":67}},"48":{"start":{"line":49,"column":0},"end":{"line":49,"column":20}},"49":{"start":{"line":50,"column":0},"end":{"line":50,"column":86}},"50":{"start":{"line":51,"column":0},"end":{"line":51,"column":84}},"51":{"start":{"line":52,"column":0},"end":{"line":52,"column":22}},"52":{"start":{"line":53,"column":0},"end":{"line":53,"column":5}},"54":{"start":{"line":55,"column":0},"end":{"line":55,"column":114}},"56":{"start":{"line":57,"column":0},"end":{"line":57,"column":30}},"57":{"start":{"line":58,"column":0},"end":{"line":58,"column":80}},"58":{"start":{"line":59,"column":0},"end":{"line":59,"column":84}},"59":{"start":{"line":60,"column":0},"end":{"line":60,"column":22}},"60":{"start":{"line":61,"column":0},"end":{"line":61,"column":5}},"62":{"start":{"line":63,"column":0},"end":{"line":63,"column":18}},"63":{"start":{"line":64,"column":0},"end":{"line":64,"column":3}},"65":{"start":{"line":66,"column":0},"end":{"line":66,"column":27}},"66":{"start":{"line":67,"column":0},"end":{"line":67,"column":71}},"67":{"start":{"line":68,"column":0},"end":{"line":68,"column":14}},"68":{"start":{"line":69,"column":0},"end":{"line":69,"column":16}},"69":{"start":{"line":70,"column":0},"end":{"line":70,"column":11}},"70":{"start":{"line":71,"column":0},"end":{"line":71,"column":35}},"71":{"start":{"line":72,"column":0},"end":{"line":72,"column":103}},"72":{"start":{"line":73,"column":0},"end":{"line":73,"column":26}},"73":{"start":{"line":74,"column":0},"end":{"line":74,"column":29}},"74":{"start":{"line":75,"column":0},"end":{"line":75,"column":27}},"75":{"start":{"line":76,"column":0},"end":{"line":76,"column":25}},"76":{"start":{"line":77,"column":0},"end":{"line":77,"column":33}},"77":{"start":{"line":78,"column":0},"end":{"line":78,"column":110}},"78":{"start":{"line":79,"column":0},"end":{"line":79,"column":82}},"79":{"start":{"line":80,"column":0},"end":{"line":80,"column":17}},"80":{"start":{"line":81,"column":0},"end":{"line":81,"column":15}},"81":{"start":{"line":82,"column":0},"end":{"line":82,"column":13}},"82":{"start":{"line":83,"column":0},"end":{"line":83,"column":12}},"83":{"start":{"line":84,"column":0},"end":{"line":84,"column":11}},"84":{"start":{"line":85,"column":0},"end":{"line":85,"column":31}},"85":{"start":{"line":86,"column":0},"end":{"line":86,"column":67}},"86":{"start":{"line":87,"column":0},"end":{"line":87,"column":26}},"87":{"start":{"line":88,"column":0},"end":{"line":88,"column":29}},"88":{"start":{"line":89,"column":0},"end":{"line":89,"column":27}},"89":{"start":{"line":90,"column":0},"end":{"line":90,"column":24}},"90":{"start":{"line":91,"column":0},"end":{"line":91,"column":33}},"91":{"start":{"line":92,"column":0},"end":{"line":92,"column":77}},"92":{"start":{"line":93,"column":0},"end":{"line":93,"column":17}},"93":{"start":{"line":94,"column":0},"end":{"line":94,"column":16}},"94":{"start":{"line":95,"column":0},"end":{"line":95,"column":33}},"95":{"start":{"line":96,"column":0},"end":{"line":96,"column":13}},"96":{"start":{"line":97,"column":0},"end":{"line":97,"column":12}},"97":{"start":{"line":98,"column":0},"end":{"line":98,"column":11}},"98":{"start":{"line":99,"column":0},"end":{"line":99,"column":30}},"99":{"start":{"line":100,"column":0},"end":{"line":100,"column":123}},"100":{"start":{"line":101,"column":0},"end":{"line":101,"column":26}},"101":{"start":{"line":102,"column":0},"end":{"line":102,"column":29}},"102":{"start":{"line":103,"column":0},"end":{"line":103,"column":27}},"103":{"start":{"line":104,"column":0},"end":{"line":104,"column":30}},"104":{"start":{"line":105,"column":0},"end":{"line":105,"column":33}},"105":{"start":{"line":106,"column":0},"end":{"line":106,"column":95}},"106":{"start":{"line":107,"column":0},"end":{"line":107,"column":29}},"107":{"start":{"line":108,"column":0},"end":{"line":108,"column":29}},"108":{"start":{"line":109,"column":0},"end":{"line":109,"column":17}},"109":{"start":{"line":110,"column":0},"end":{"line":110,"column":15}},"110":{"start":{"line":111,"column":0},"end":{"line":111,"column":13}},"111":{"start":{"line":112,"column":0},"end":{"line":112,"column":12}},"112":{"start":{"line":113,"column":0},"end":{"line":113,"column":11}},"113":{"start":{"line":114,"column":0},"end":{"line":114,"column":38}},"114":{"start":{"line":115,"column":0},"end":{"line":115,"column":71}},"115":{"start":{"line":116,"column":0},"end":{"line":116,"column":26}},"116":{"start":{"line":117,"column":0},"end":{"line":117,"column":29}},"117":{"start":{"line":118,"column":0},"end":{"line":118,"column":27}},"118":{"start":{"line":119,"column":0},"end":{"line":119,"column":21}},"119":{"start":{"line":120,"column":0},"end":{"line":120,"column":33}},"120":{"start":{"line":121,"column":0},"end":{"line":121,"column":45}},"121":{"start":{"line":122,"column":0},"end":{"line":122,"column":17}},"122":{"start":{"line":123,"column":0},"end":{"line":123,"column":16}},"123":{"start":{"line":124,"column":0},"end":{"line":124,"column":30}},"124":{"start":{"line":125,"column":0},"end":{"line":125,"column":13}},"125":{"start":{"line":126,"column":0},"end":{"line":126,"column":11}},"126":{"start":{"line":127,"column":0},"end":{"line":127,"column":26}},"127":{"start":{"line":128,"column":0},"end":{"line":128,"column":8}},"128":{"start":{"line":129,"column":0},"end":{"line":129,"column":7}},"130":{"start":{"line":131,"column":0},"end":{"line":131,"column":77}},"131":{"start":{"line":132,"column":0},"end":{"line":132,"column":55}},"133":{"start":{"line":134,"column":0},"end":{"line":134,"column":11}},"134":{"start":{"line":135,"column":0},"end":{"line":135,"column":23}},"135":{"start":{"line":136,"column":0},"end":{"line":136,"column":32}},"136":{"start":{"line":137,"column":0},"end":{"line":137,"column":55}},"138":{"start":{"line":139,"column":0},"end":{"line":139,"column":28}},"139":{"start":{"line":140,"column":0},"end":{"line":140,"column":52}},"141":{"start":{"line":142,"column":0},"end":{"line":142,"column":27}},"142":{"start":{"line":143,"column":0},"end":{"line":143,"column":51}},"144":{"start":{"line":145,"column":0},"end":{"line":145,"column":35}},"145":{"start":{"line":146,"column":0},"end":{"line":146,"column":57}},"147":{"start":{"line":148,"column":0},"end":{"line":148,"column":18}},"148":{"start":{"line":149,"column":0},"end":{"line":149,"column":53}},"149":{"start":{"line":150,"column":0},"end":{"line":150,"column":9}},"150":{"start":{"line":151,"column":0},"end":{"line":151,"column":23}},"151":{"start":{"line":152,"column":0},"end":{"line":152,"column":16}},"152":{"start":{"line":153,"column":0},"end":{"line":153,"column":20}},"153":{"start":{"line":154,"column":0},"end":{"line":154,"column":13}},"154":{"start":{"line":155,"column":0},"end":{"line":155,"column":27}},"155":{"start":{"line":156,"column":0},"end":{"line":156,"column":86}},"156":{"start":{"line":157,"column":0},"end":{"line":157,"column":13}},"157":{"start":{"line":158,"column":0},"end":{"line":158,"column":11}},"158":{"start":{"line":159,"column":0},"end":{"line":159,"column":10}},"159":{"start":{"line":160,"column":0},"end":{"line":160,"column":7}},"160":{"start":{"line":161,"column":0},"end":{"line":161,"column":7}},"161":{"start":{"line":162,"column":0},"end":{"line":162,"column":3}},"163":{"start":{"line":164,"column":0},"end":{"line":164,"column":47}},"164":{"start":{"line":165,"column":0},"end":{"line":165,"column":41}},"165":{"start":{"line":166,"column":0},"end":{"line":166,"column":14}},"167":{"start":{"line":168,"column":0},"end":{"line":168,"column":21}},"168":{"start":{"line":169,"column":0},"end":{"line":169,"column":20}},"169":{"start":{"line":170,"column":0},"end":{"line":170,"column":85}},"170":{"start":{"line":171,"column":0},"end":{"line":171,"column":14}},"171":{"start":{"line":172,"column":0},"end":{"line":172,"column":18}},"172":{"start":{"line":173,"column":0},"end":{"line":173,"column":91}},"173":{"start":{"line":174,"column":0},"end":{"line":174,"column":97}},"174":{"start":{"line":175,"column":0},"end":{"line":175,"column":106}},"175":{"start":{"line":176,"column":0},"end":{"line":176,"column":66}},"176":{"start":{"line":177,"column":0},"end":{"line":177,"column":14}},"177":{"start":{"line":178,"column":0},"end":{"line":178,"column":26}},"178":{"start":{"line":179,"column":0},"end":{"line":179,"column":88}},"179":{"start":{"line":180,"column":0},"end":{"line":180,"column":14}},"180":{"start":{"line":181,"column":0},"end":{"line":181,"column":18}},"181":{"start":{"line":182,"column":0},"end":{"line":182,"column":81}},"182":{"start":{"line":183,"column":0},"end":{"line":183,"column":14}},"183":{"start":{"line":184,"column":0},"end":{"line":184,"column":19}},"184":{"start":{"line":185,"column":0},"end":{"line":185,"column":82}},"185":{"start":{"line":186,"column":0},"end":{"line":186,"column":14}},"186":{"start":{"line":187,"column":0},"end":{"line":187,"column":14}},"187":{"start":{"line":188,"column":0},"end":{"line":188,"column":68}},"188":{"start":{"line":189,"column":0},"end":{"line":189,"column":5}},"190":{"start":{"line":191,"column":0},"end":{"line":191,"column":12}},"191":{"start":{"line":192,"column":0},"end":{"line":192,"column":16}},"192":{"start":{"line":193,"column":0},"end":{"line":193,"column":9}},"193":{"start":{"line":194,"column":0},"end":{"line":194,"column":23}},"194":{"start":{"line":195,"column":0},"end":{"line":195,"column":46}},"195":{"start":{"line":196,"column":0},"end":{"line":196,"column":9}},"196":{"start":{"line":197,"column":0},"end":{"line":197,"column":7}},"197":{"start":{"line":198,"column":0},"end":{"line":198,"column":6}},"198":{"start":{"line":199,"column":0},"end":{"line":199,"column":3}},"200":{"start":{"line":201,"column":0},"end":{"line":201,"column":44}},"201":{"start":{"line":202,"column":0},"end":{"line":202,"column":30}},"202":{"start":{"line":203,"column":0},"end":{"line":203,"column":17}},"203":{"start":{"line":204,"column":0},"end":{"line":204,"column":43}},"204":{"start":{"line":205,"column":0},"end":{"line":205,"column":5}},"207":{"start":{"line":208,"column":0},"end":{"line":208,"column":55}},"208":{"start":{"line":209,"column":0},"end":{"line":209,"column":14}},"210":{"start":{"line":211,"column":0},"end":{"line":211,"column":42}},"211":{"start":{"line":212,"column":0},"end":{"line":212,"column":79}},"212":{"start":{"line":213,"column":0},"end":{"line":213,"column":50}},"213":{"start":{"line":214,"column":0},"end":{"line":214,"column":80}},"214":{"start":{"line":215,"column":0},"end":{"line":215,"column":93}},"215":{"start":{"line":216,"column":0},"end":{"line":216,"column":86}},"216":{"start":{"line":217,"column":0},"end":{"line":217,"column":91}},"217":{"start":{"line":218,"column":0},"end":{"line":218,"column":95}},"218":{"start":{"line":219,"column":0},"end":{"line":219,"column":104}},"219":{"start":{"line":220,"column":0},"end":{"line":220,"column":51}},"220":{"start":{"line":221,"column":0},"end":{"line":221,"column":50}},"221":{"start":{"line":222,"column":0},"end":{"line":222,"column":89}},"222":{"start":{"line":223,"column":0},"end":{"line":223,"column":95}},"223":{"start":{"line":224,"column":0},"end":{"line":224,"column":104}},"224":{"start":{"line":225,"column":0},"end":{"line":225,"column":64}},"225":{"start":{"line":226,"column":0},"end":{"line":226,"column":93}},"226":{"start":{"line":227,"column":0},"end":{"line":227,"column":83}},"227":{"start":{"line":228,"column":0},"end":{"line":228,"column":12}},"229":{"start":{"line":230,"column":0},"end":{"line":230,"column":66}},"230":{"start":{"line":231,"column":0},"end":{"line":231,"column":5}},"232":{"start":{"line":233,"column":0},"end":{"line":233,"column":12}},"233":{"start":{"line":234,"column":0},"end":{"line":234,"column":16}},"234":{"start":{"line":235,"column":0},"end":{"line":235,"column":9}},"235":{"start":{"line":236,"column":0},"end":{"line":236,"column":23}},"236":{"start":{"line":237,"column":0},"end":{"line":237,"column":46}},"237":{"start":{"line":238,"column":0},"end":{"line":238,"column":9}},"238":{"start":{"line":239,"column":0},"end":{"line":239,"column":7}},"239":{"start":{"line":240,"column":0},"end":{"line":240,"column":6}},"240":{"start":{"line":241,"column":0},"end":{"line":241,"column":3}},"242":{"start":{"line":243,"column":0},"end":{"line":243,"column":43}},"243":{"start":{"line":244,"column":0},"end":{"line":244,"column":47}},"244":{"start":{"line":245,"column":0},"end":{"line":245,"column":60}},"246":{"start":{"line":247,"column":0},"end":{"line":247,"column":12}},"247":{"start":{"line":248,"column":0},"end":{"line":248,"column":16}},"248":{"start":{"line":249,"column":0},"end":{"line":249,"column":9}},"249":{"start":{"line":250,"column":0},"end":{"line":250,"column":23}},"250":{"start":{"line":251,"column":0},"end":{"line":251,"column":119}},"251":{"start":{"line":252,"column":0},"end":{"line":252,"column":9}},"252":{"start":{"line":253,"column":0},"end":{"line":253,"column":7}},"253":{"start":{"line":254,"column":0},"end":{"line":254,"column":6}},"254":{"start":{"line":255,"column":0},"end":{"line":255,"column":3}},"256":{"start":{"line":257,"column":0},"end":{"line":257,"column":49}},"257":{"start":{"line":258,"column":0},"end":{"line":258,"column":24}},"258":{"start":{"line":259,"column":0},"end":{"line":259,"column":14}},"259":{"start":{"line":260,"column":0},"end":{"line":260,"column":50}},"260":{"start":{"line":261,"column":0},"end":{"line":261,"column":5}},"262":{"start":{"line":263,"column":0},"end":{"line":263,"column":100}},"264":{"start":{"line":265,"column":0},"end":{"line":265,"column":12}},"265":{"start":{"line":266,"column":0},"end":{"line":266,"column":16}},"266":{"start":{"line":267,"column":0},"end":{"line":267,"column":9}},"267":{"start":{"line":268,"column":0},"end":{"line":268,"column":23}},"268":{"start":{"line":269,"column":0},"end":{"line":269,"column":19}},"269":{"start":{"line":270,"column":0},"end":{"line":270,"column":9}},"270":{"start":{"line":271,"column":0},"end":{"line":271,"column":7}},"271":{"start":{"line":272,"column":0},"end":{"line":272,"column":6}},"272":{"start":{"line":273,"column":0},"end":{"line":273,"column":3}},"275":{"start":{"line":276,"column":0},"end":{"line":276,"column":17}},"277":{"start":{"line":278,"column":0},"end":{"line":278,"column":49}},"278":{"start":{"line":279,"column":0},"end":{"line":279,"column":53}},"280":{"start":{"line":281,"column":0},"end":{"line":281,"column":100}},"283":{"start":{"line":284,"column":0},"end":{"line":284,"column":53}},"286":{"start":{"line":287,"column":0},"end":{"line":287,"column":59}},"287":{"start":{"line":288,"column":0},"end":{"line":288,"column":21}},"288":{"start":{"line":289,"column":0},"end":{"line":289,"column":59}},"289":{"start":{"line":290,"column":0},"end":{"line":290,"column":51}},"290":{"start":{"line":291,"column":0},"end":{"line":291,"column":5}},"292":{"start":{"line":293,"column":0},"end":{"line":293,"column":49}},"293":{"start":{"line":294,"column":0},"end":{"line":294,"column":41}},"294":{"start":{"line":295,"column":0},"end":{"line":295,"column":3}},"296":{"start":{"line":297,"column":0},"end":{"line":297,"column":16}},"297":{"start":{"line":298,"column":0},"end":{"line":298,"column":35}},"298":{"start":{"line":299,"column":0},"end":{"line":299,"column":3}},"299":{"start":{"line":300,"column":0},"end":{"line":300,"column":1}},"302":{"start":{"line":303,"column":0},"end":{"line":303,"column":42}},"304":{"start":{"line":305,"column":0},"end":{"line":305,"column":34}},"305":{"start":{"line":306,"column":0},"end":{"line":306,"column":22}},"306":{"start":{"line":307,"column":0},"end":{"line":307,"column":18}},"307":{"start":{"line":308,"column":0},"end":{"line":308,"column":3}},"309":{"start":{"line":310,"column":0},"end":{"line":310,"column":35}},"310":{"start":{"line":311,"column":0},"end":{"line":311,"column":22}},"311":{"start":{"line":312,"column":0},"end":{"line":312,"column":18}},"312":{"start":{"line":313,"column":0},"end":{"line":313,"column":3}},"315":{"start":{"line":316,"column":0},"end":{"line":316,"column":36}}},"s":{"2":1,"3":1,"4":1,"10":1,"11":1,"12":1,"13":1,"16":1,"17":36,"18":36,"19":36,"20":36,"21":36,"23":36,"24":36,"25":36,"26":36,"27":36,"28":36,"29":36,"30":36,"31":36,"32":36,"33":36,"34":36,"36":36,"37":36,"38":36,"40":36,"41":36,"43":36,"45":6,"46":6,"48":6,"49":1,"50":1,"51":1,"52":1,"54":5,"56":6,"57":0,"58":0,"59":0,"60":0,"62":5,"63":6,"65":36,"66":36,"67":6,"68":6,"69":6,"70":6,"71":6,"72":6,"73":6,"74":6,"75":6,"76":6,"77":6,"78":6,"79":6,"80":6,"81":6,"82":6,"83":6,"84":6,"85":6,"86":6,"87":6,"88":6,"89":6,"90":6,"91":6,"92":6,"93":6,"94":6,"95":6,"96":6,"97":6,"98":6,"99":6,"100":6,"101":6,"102":6,"103":6,"104":6,"105":6,"106":6,"107":6,"108":6,"109":6,"110":6,"111":6,"112":6,"113":6,"114":6,"115":6,"116":6,"117":6,"118":6,"119":6,"120":6,"121":6,"122":6,"123":6,"124":6,"125":6,"126":6,"127":6,"128":36,"130":36,"131":17,"133":17,"134":17,"135":17,"136":8,"138":17,"139":3,"141":17,"142":2,"144":17,"145":3,"147":17,"148":1,"149":17,"150":17,"151":6,"152":6,"153":6,"154":6,"155":6,"156":6,"157":6,"158":6,"159":6,"160":36,"161":36,"163":36,"164":8,"165":8,"167":8,"168":8,"169":1,"170":1,"171":8,"172":1,"173":1,"174":1,"175":1,"176":1,"177":8,"178":1,"179":1,"180":8,"181":1,"182":1,"183":8,"184":1,"185":1,"186":8,"187":3,"188":2,"190":7,"191":7,"192":7,"193":7,"194":7,"195":7,"196":7,"197":7,"198":8,"200":36,"201":3,"202":3,"203":1,"204":1,"207":2,"208":2,"210":3,"211":0,"212":3,"213":0,"214":2,"215":0,"216":2,"217":1,"218":1,"219":1,"220":1,"221":0,"222":0,"223":0,"224":0,"225":1,"226":0,"227":1,"229":1,"230":0,"232":1,"233":1,"234":1,"235":1,"236":1,"237":1,"238":1,"239":1,"240":3,"242":36,"243":2,"244":2,"246":1,"247":1,"248":1,"249":1,"250":1,"251":1,"252":1,"253":1,"254":2,"256":36,"257":3,"258":3,"259":1,"260":1,"262":2,"264":2,"265":2,"266":2,"267":2,"268":2,"269":2,"270":2,"271":2,"272":3,"275":36,"277":6,"278":6,"280":6,"283":6,"286":5,"287":6,"288":2,"289":2,"290":2,"292":5,"293":5,"294":6,"296":36,"297":2,"298":2,"299":36,"302":1,"304":1,"305":0,"306":0,"307":0,"309":1,"310":0,"311":0,"312":0,"315":1},"branchMap":{"0":{"type":"branch","line":17,"loc":{"start":{"line":17,"column":34},"end":{"line":300,"column":1}},"locations":[{"start":{"line":17,"column":34},"end":{"line":300,"column":1}}]},"1":{"type":"branch","line":24,"loc":{"start":{"line":24,"column":2},"end":{"line":42,"column":3}},"locations":[{"start":{"line":24,"column":2},"end":{"line":42,"column":3}}]},"2":{"type":"branch","line":44,"loc":{"start":{"line":44,"column":10},"end":{"line":64,"column":3}},"locations":[{"start":{"line":44,"column":10},"end":{"line":64,"column":3}}]},"3":{"type":"branch","line":49,"loc":{"start":{"line":49,"column":19},"end":{"line":53,"column":5}},"locations":[{"start":{"line":49,"column":19},"end":{"line":53,"column":5}}]},"4":{"type":"branch","line":53,"loc":{"start":{"line":53,"column":4},"end":{"line":57,"column":29}},"locations":[{"start":{"line":53,"column":4},"end":{"line":57,"column":29}}]},"5":{"type":"branch","line":57,"loc":{"start":{"line":57,"column":29},"end":{"line":61,"column":5}},"locations":[{"start":{"line":57,"column":29},"end":{"line":61,"column":5}}]},"6":{"type":"branch","line":61,"loc":{"start":{"line":61,"column":4},"end":{"line":63,"column":18}},"locations":[{"start":{"line":61,"column":4},"end":{"line":63,"column":18}}]},"7":{"type":"branch","line":47,"loc":{"start":{"line":47,"column":31},"end":{"line":47,"column":65}},"locations":[{"start":{"line":47,"column":31},"end":{"line":47,"column":65}}]},"8":{"type":"branch","line":55,"loc":{"start":{"line":55,"column":57},"end":{"line":55,"column":78}},"locations":[{"start":{"line":55,"column":57},"end":{"line":55,"column":78}}]},"9":{"type":"branch","line":55,"loc":{"start":{"line":55,"column":87},"end":{"line":55,"column":112}},"locations":[{"start":{"line":55,"column":87},"end":{"line":55,"column":112}}]},"10":{"type":"branch","line":66,"loc":{"start":{"line":66,"column":10},"end":{"line":162,"column":3}},"locations":[{"start":{"line":66,"column":10},"end":{"line":162,"column":3}}]},"11":{"type":"branch","line":67,"loc":{"start":{"line":67,"column":58},"end":{"line":129,"column":5}},"locations":[{"start":{"line":67,"column":58},"end":{"line":129,"column":5}}]},"12":{"type":"branch","line":131,"loc":{"start":{"line":131,"column":57},"end":{"line":161,"column":5}},"locations":[{"start":{"line":131,"column":57},"end":{"line":161,"column":5}}]},"13":{"type":"branch","line":136,"loc":{"start":{"line":136,"column":10},"end":{"line":137,"column":55}},"locations":[{"start":{"line":136,"column":10},"end":{"line":137,"column":55}}]},"14":{"type":"branch","line":139,"loc":{"start":{"line":139,"column":10},"end":{"line":140,"column":52}},"locations":[{"start":{"line":139,"column":10},"end":{"line":140,"column":52}}]},"15":{"type":"branch","line":142,"loc":{"start":{"line":142,"column":10},"end":{"line":143,"column":51}},"locations":[{"start":{"line":142,"column":10},"end":{"line":143,"column":51}}]},"16":{"type":"branch","line":145,"loc":{"start":{"line":145,"column":10},"end":{"line":146,"column":57}},"locations":[{"start":{"line":145,"column":10},"end":{"line":146,"column":57}}]},"17":{"type":"branch","line":148,"loc":{"start":{"line":148,"column":10},"end":{"line":149,"column":53}},"locations":[{"start":{"line":148,"column":10},"end":{"line":149,"column":53}}]},"18":{"type":"branch","line":151,"loc":{"start":{"line":151,"column":6},"end":{"line":160,"column":7}},"locations":[{"start":{"line":151,"column":6},"end":{"line":160,"column":7}}]},"19":{"type":"branch","line":156,"loc":{"start":{"line":156,"column":61},"end":{"line":156,"column":84}},"locations":[{"start":{"line":156,"column":61},"end":{"line":156,"column":84}}]},"20":{"type":"branch","line":164,"loc":{"start":{"line":164,"column":2},"end":{"line":199,"column":3}},"locations":[{"start":{"line":164,"column":2},"end":{"line":199,"column":3}}]},"21":{"type":"branch","line":165,"loc":{"start":{"line":165,"column":25},"end":{"line":165,"column":41}},"locations":[{"start":{"line":165,"column":25},"end":{"line":165,"column":41}}]},"22":{"type":"branch","line":169,"loc":{"start":{"line":169,"column":6},"end":{"line":171,"column":14}},"locations":[{"start":{"line":169,"column":6},"end":{"line":171,"column":14}}]},"23":{"type":"branch","line":172,"loc":{"start":{"line":172,"column":6},"end":{"line":177,"column":14}},"locations":[{"start":{"line":172,"column":6},"end":{"line":177,"column":14}}]},"24":{"type":"branch","line":178,"loc":{"start":{"line":178,"column":6},"end":{"line":180,"column":14}},"locations":[{"start":{"line":178,"column":6},"end":{"line":180,"column":14}}]},"25":{"type":"branch","line":181,"loc":{"start":{"line":181,"column":6},"end":{"line":183,"column":14}},"locations":[{"start":{"line":181,"column":6},"end":{"line":183,"column":14}}]},"26":{"type":"branch","line":184,"loc":{"start":{"line":184,"column":6},"end":{"line":186,"column":14}},"locations":[{"start":{"line":184,"column":6},"end":{"line":186,"column":14}}]},"27":{"type":"branch","line":187,"loc":{"start":{"line":187,"column":6},"end":{"line":188,"column":68}},"locations":[{"start":{"line":187,"column":6},"end":{"line":188,"column":68}}]},"28":{"type":"branch","line":188,"loc":{"start":{"line":188,"column":66},"end":{"line":189,"column":5}},"locations":[{"start":{"line":188,"column":66},"end":{"line":189,"column":5}}]},"29":{"type":"branch","line":189,"loc":{"start":{"line":189,"column":4},"end":{"line":198,"column":6}},"locations":[{"start":{"line":189,"column":4},"end":{"line":198,"column":6}}]},"30":{"type":"branch","line":201,"loc":{"start":{"line":201,"column":2},"end":{"line":241,"column":3}},"locations":[{"start":{"line":201,"column":2},"end":{"line":241,"column":3}}]},"31":{"type":"branch","line":203,"loc":{"start":{"line":203,"column":16},"end":{"line":205,"column":5}},"locations":[{"start":{"line":203,"column":16},"end":{"line":205,"column":5}}]},"32":{"type":"branch","line":205,"loc":{"start":{"line":205,"column":4},"end":{"line":211,"column":41}},"locations":[{"start":{"line":205,"column":4},"end":{"line":211,"column":41}}]},"33":{"type":"branch","line":211,"loc":{"start":{"line":211,"column":41},"end":{"line":213,"column":15}},"locations":[{"start":{"line":211,"column":41},"end":{"line":213,"column":15}}]},"34":{"type":"branch","line":213,"loc":{"start":{"line":213,"column":4},"end":{"line":231,"column":5}},"locations":[{"start":{"line":213,"column":4},"end":{"line":231,"column":5}}]},"35":{"type":"branch","line":213,"loc":{"start":{"line":213,"column":49},"end":{"line":215,"column":15}},"locations":[{"start":{"line":213,"column":49},"end":{"line":215,"column":15}}]},"36":{"type":"branch","line":215,"loc":{"start":{"line":215,"column":92},"end":{"line":217,"column":15}},"locations":[{"start":{"line":215,"column":92},"end":{"line":217,"column":15}}]},"37":{"type":"branch","line":217,"loc":{"start":{"line":217,"column":48},"end":{"line":217,"column":90}},"locations":[{"start":{"line":217,"column":48},"end":{"line":217,"column":90}}]},"38":{"type":"branch","line":217,"loc":{"start":{"line":217,"column":90},"end":{"line":231,"column":5}},"locations":[{"start":{"line":217,"column":90},"end":{"line":231,"column":5}}]},"39":{"type":"branch","line":221,"loc":{"start":{"line":221,"column":49},"end":{"line":226,"column":15}},"locations":[{"start":{"line":221,"column":49},"end":{"line":226,"column":15}}]},"40":{"type":"branch","line":226,"loc":{"start":{"line":226,"column":92},"end":{"line":228,"column":11}},"locations":[{"start":{"line":226,"column":92},"end":{"line":228,"column":11}}]},"41":{"type":"branch","line":230,"loc":{"start":{"line":230,"column":64},"end":{"line":231,"column":5}},"locations":[{"start":{"line":230,"column":64},"end":{"line":231,"column":5}}]},"42":{"type":"branch","line":231,"loc":{"start":{"line":231,"column":4},"end":{"line":240,"column":6}},"locations":[{"start":{"line":231,"column":4},"end":{"line":240,"column":6}}]},"43":{"type":"branch","line":243,"loc":{"start":{"line":243,"column":2},"end":{"line":255,"column":3}},"locations":[{"start":{"line":243,"column":2},"end":{"line":255,"column":3}}]},"44":{"type":"branch","line":245,"loc":{"start":{"line":245,"column":58},"end":{"line":254,"column":6}},"locations":[{"start":{"line":245,"column":58},"end":{"line":254,"column":6}}]},"45":{"type":"branch","line":257,"loc":{"start":{"line":257,"column":2},"end":{"line":273,"column":3}},"locations":[{"start":{"line":257,"column":2},"end":{"line":273,"column":3}}]},"46":{"type":"branch","line":259,"loc":{"start":{"line":259,"column":13},"end":{"line":261,"column":5}},"locations":[{"start":{"line":259,"column":13},"end":{"line":261,"column":5}}]},"47":{"type":"branch","line":261,"loc":{"start":{"line":261,"column":4},"end":{"line":272,"column":6}},"locations":[{"start":{"line":261,"column":4},"end":{"line":272,"column":6}}]},"48":{"type":"branch","line":276,"loc":{"start":{"line":276,"column":2},"end":{"line":295,"column":3}},"locations":[{"start":{"line":276,"column":2},"end":{"line":295,"column":3}}]},"49":{"type":"branch","line":284,"loc":{"start":{"line":284,"column":51},"end":{"line":288,"column":20}},"locations":[{"start":{"line":284,"column":51},"end":{"line":288,"column":20}}]},"50":{"type":"branch","line":288,"loc":{"start":{"line":288,"column":20},"end":{"line":291,"column":5}},"locations":[{"start":{"line":288,"column":20},"end":{"line":291,"column":5}}]},"51":{"type":"branch","line":291,"loc":{"start":{"line":291,"column":4},"end":{"line":294,"column":41}},"locations":[{"start":{"line":291,"column":4},"end":{"line":294,"column":41}}]},"52":{"type":"branch","line":297,"loc":{"start":{"line":297,"column":2},"end":{"line":299,"column":3}},"locations":[{"start":{"line":297,"column":2},"end":{"line":299,"column":3}}]},"53":{"type":"branch","line":298,"loc":{"start":{"line":298,"column":33},"end":{"line":298,"column":35}},"locations":[{"start":{"line":298,"column":33},"end":{"line":298,"column":35}}]}},"b":{"0":[36],"1":[36],"2":[6],"3":[1],"4":[5],"5":[0],"6":[5],"7":[5],"8":[10],"9":[10],"10":[36],"11":[6],"12":[17],"13":[8],"14":[3],"15":[2],"16":[3],"17":[1],"18":[6],"19":[0],"20":[8],"21":[2],"22":[1],"23":[1],"24":[1],"25":[1],"26":[1],"27":[3],"28":[2],"29":[7],"30":[3],"31":[1],"32":[2],"33":[0],"34":[2],"35":[0],"36":[0],"37":[1],"38":[1],"39":[0],"40":[0],"41":[0],"42":[1],"43":[2],"44":[1],"45":[3],"46":[1],"47":[2],"48":[6],"49":[5],"50":[2],"51":[5],"52":[2],"53":[1]},"fnMap":{"0":{"name":"<instance_members_initializer>","decl":{"start":{"line":17,"column":34},"end":{"line":300,"column":1}},"loc":{"start":{"line":17,"column":34},"end":{"line":300,"column":1}},"line":17},"1":{"name":"AzureDevOpsMCPServer","decl":{"start":{"line":24,"column":2},"end":{"line":42,"column":3}},"loc":{"start":{"line":24,"column":2},"end":{"line":42,"column":3}},"line":24},"2":{"name":"getConfiguredEmails","decl":{"start":{"line":44,"column":10},"end":{"line":64,"column":3}},"loc":{"start":{"line":44,"column":10},"end":{"line":64,"column":3}},"line":44},"3":{"name":"setupHandlers","decl":{"start":{"line":66,"column":10},"end":{"line":162,"column":3}},"loc":{"start":{"line":66,"column":10},"end":{"line":162,"column":3}},"line":66},"4":{"name":"handleGetWorkItems","decl":{"start":{"line":164,"column":2},"end":{"line":199,"column":3}},"loc":{"start":{"line":164,"column":2},"end":{"line":199,"column":3}},"line":164},"5":{"name":"handleQueryWork","decl":{"start":{"line":201,"column":2},"end":{"line":241,"column":3}},"loc":{"start":{"line":201,"column":2},"end":{"line":241,"column":3}},"line":201},"6":{"name":"handleSyncData","decl":{"start":{"line":243,"column":2},"end":{"line":255,"column":3}},"loc":{"start":{"line":243,"column":2},"end":{"line":255,"column":3}},"line":243},"7":{"name":"handleGetWorkItemUrl","decl":{"start":{"line":257,"column":2},"end":{"line":273,"column":3}},"loc":{"start":{"line":257,"column":2},"end":{"line":273,"column":3}},"line":257},"8":{"name":"start","decl":{"start":{"line":276,"column":2},"end":{"line":295,"column":3}},"loc":{"start":{"line":276,"column":2},"end":{"line":295,"column":3}},"line":276},"9":{"name":"stop","decl":{"start":{"line":297,"column":2},"end":{"line":299,"column":3}},"loc":{"start":{"line":297,"column":2},"end":{"line":299,"column":3}},"line":297}},"f":{"0":36,"1":36,"2":6,"3":36,"4":8,"5":3,"6":2,"7":3,"8":6,"9":2}}
,"/Users/nathanvale/code/azure-devops-bot/src/mocks/prisma.mock.ts": {"path":"/Users/nathanvale/code/azure-devops-bot/src/mocks/prisma.mock.ts","all":false,"statementMap":{"0":{"start":{"line":1,"column":0},"end":{"line":1,"column":27}},"4":{"start":{"line":5,"column":0},"end":{"line":5,"column":33}},"5":{"start":{"line":6,"column":0},"end":{"line":6,"column":3}},"6":{"start":{"line":7,"column":0},"end":{"line":7,"column":13}},"7":{"start":{"line":8,"column":0},"end":{"line":8,"column":18}},"8":{"start":{"line":9,"column":0},"end":{"line":9,"column":43}},"9":{"start":{"line":10,"column":0},"end":{"line":10,"column":20}},"10":{"start":{"line":11,"column":0},"end":{"line":11,"column":23}},"11":{"start":{"line":12,"column":0},"end":{"line":12,"column":42}},"12":{"start":{"line":13,"column":0},"end":{"line":13,"column":50}},"13":{"start":{"line":14,"column":0},"end":{"line":14,"column":50}},"14":{"start":{"line":15,"column":0},"end":{"line":15,"column":43}},"15":{"start":{"line":16,"column":0},"end":{"line":16,"column":58}},"16":{"start":{"line":17,"column":0},"end":{"line":17,"column":16}},"17":{"start":{"line":18,"column":0},"end":{"line":18,"column":25}},"18":{"start":{"line":19,"column":0},"end":{"line":19,"column":85}},"19":{"start":{"line":20,"column":0},"end":{"line":20,"column":29}},"20":{"start":{"line":21,"column":0},"end":{"line":21,"column":4}},"21":{"start":{"line":22,"column":0},"end":{"line":22,"column":3}},"22":{"start":{"line":23,"column":0},"end":{"line":23,"column":13}},"23":{"start":{"line":24,"column":0},"end":{"line":24,"column":18}},"24":{"start":{"line":25,"column":0},"end":{"line":25,"column":34}},"25":{"start":{"line":26,"column":0},"end":{"line":26,"column":18}},"26":{"start":{"line":27,"column":0},"end":{"line":27,"column":17}},"27":{"start":{"line":28,"column":0},"end":{"line":28,"column":42}},"28":{"start":{"line":29,"column":0},"end":{"line":29,"column":50}},"29":{"start":{"line":30,"column":0},"end":{"line":30,"column":50}},"30":{"start":{"line":31,"column":0},"end":{"line":31,"column":43}},"31":{"start":{"line":32,"column":0},"end":{"line":32,"column":58}},"32":{"start":{"line":33,"column":0},"end":{"line":33,"column":16}},"33":{"start":{"line":34,"column":0},"end":{"line":34,"column":19}},"34":{"start":{"line":35,"column":0},"end":{"line":35,"column":65}},"35":{"start":{"line":36,"column":0},"end":{"line":36,"column":29}},"36":{"start":{"line":37,"column":0},"end":{"line":37,"column":3}},"37":{"start":{"line":38,"column":0},"end":{"line":38,"column":1}},"40":{"start":{"line":41,"column":0},"end":{"line":41,"column":33}},"41":{"start":{"line":42,"column":0},"end":{"line":42,"column":13}},"42":{"start":{"line":43,"column":0},"end":{"line":43,"column":22}},"43":{"start":{"line":44,"column":0},"end":{"line":44,"column":24}},"44":{"start":{"line":45,"column":0},"end":{"line":45,"column":23}},"45":{"start":{"line":46,"column":0},"end":{"line":46,"column":20}},"46":{"start":{"line":47,"column":0},"end":{"line":47,"column":24}},"47":{"start":{"line":48,"column":0},"end":{"line":48,"column":20}},"48":{"start":{"line":49,"column":0},"end":{"line":49,"column":24}},"49":{"start":{"line":50,"column":0},"end":{"line":50,"column":20}},"50":{"start":{"line":51,"column":0},"end":{"line":51,"column":20}},"51":{"start":{"line":52,"column":0},"end":{"line":52,"column":24}},"52":{"start":{"line":53,"column":0},"end":{"line":53,"column":19}},"53":{"start":{"line":54,"column":0},"end":{"line":54,"column":4}},"54":{"start":{"line":55,"column":0},"end":{"line":55,"column":20}},"55":{"start":{"line":56,"column":0},"end":{"line":56,"column":22}},"56":{"start":{"line":57,"column":0},"end":{"line":57,"column":24}},"57":{"start":{"line":58,"column":0},"end":{"line":58,"column":23}},"58":{"start":{"line":59,"column":0},"end":{"line":59,"column":20}},"59":{"start":{"line":60,"column":0},"end":{"line":60,"column":24}},"60":{"start":{"line":61,"column":0},"end":{"line":61,"column":20}},"61":{"start":{"line":62,"column":0},"end":{"line":62,"column":24}},"62":{"start":{"line":63,"column":0},"end":{"line":63,"column":20}},"63":{"start":{"line":64,"column":0},"end":{"line":64,"column":20}},"64":{"start":{"line":65,"column":0},"end":{"line":65,"column":24}},"65":{"start":{"line":66,"column":0},"end":{"line":66,"column":19}},"66":{"start":{"line":67,"column":0},"end":{"line":67,"column":4}},"67":{"start":{"line":68,"column":0},"end":{"line":68,"column":17}},"68":{"start":{"line":69,"column":0},"end":{"line":69,"column":24}},"69":{"start":{"line":70,"column":0},"end":{"line":70,"column":20}},"70":{"start":{"line":71,"column":0},"end":{"line":71,"column":20}},"71":{"start":{"line":72,"column":0},"end":{"line":72,"column":20}},"72":{"start":{"line":73,"column":0},"end":{"line":73,"column":4}},"73":{"start":{"line":74,"column":0},"end":{"line":74,"column":20}},"74":{"start":{"line":75,"column":0},"end":{"line":75,"column":23}},"75":{"start":{"line":76,"column":0},"end":{"line":76,"column":23}},"76":{"start":{"line":77,"column":0},"end":{"line":77,"column":21}},"77":{"start":{"line":78,"column":0},"end":{"line":78,"column":24}},"78":{"start":{"line":79,"column":0},"end":{"line":79,"column":28}},"81":{"start":{"line":82,"column":0},"end":{"line":82,"column":39}},"82":{"start":{"line":83,"column":0},"end":{"line":83,"column":60}},"83":{"start":{"line":84,"column":0},"end":{"line":84,"column":34}},"84":{"start":{"line":85,"column":0},"end":{"line":85,"column":22}},"85":{"start":{"line":86,"column":0},"end":{"line":86,"column":5}},"86":{"start":{"line":87,"column":0},"end":{"line":87,"column":4}},"87":{"start":{"line":88,"column":0},"end":{"line":88,"column":67}},"88":{"start":{"line":89,"column":0},"end":{"line":89,"column":34}},"89":{"start":{"line":90,"column":0},"end":{"line":90,"column":22}},"90":{"start":{"line":91,"column":0},"end":{"line":91,"column":5}},"91":{"start":{"line":92,"column":0},"end":{"line":92,"column":4}},"92":{"start":{"line":93,"column":0},"end":{"line":93,"column":64}},"93":{"start":{"line":94,"column":0},"end":{"line":94,"column":34}},"94":{"start":{"line":95,"column":0},"end":{"line":95,"column":22}},"95":{"start":{"line":96,"column":0},"end":{"line":96,"column":5}},"96":{"start":{"line":97,"column":0},"end":{"line":97,"column":4}},"97":{"start":{"line":98,"column":0},"end":{"line":98,"column":53}},"98":{"start":{"line":99,"column":0},"end":{"line":99,"column":41}},"99":{"start":{"line":100,"column":0},"end":{"line":100,"column":3}},"100":{"start":{"line":101,"column":0},"end":{"line":101,"column":56}},"101":{"start":{"line":102,"column":0},"end":{"line":102,"column":44}},"102":{"start":{"line":103,"column":0},"end":{"line":103,"column":3}},"103":{"start":{"line":104,"column":0},"end":{"line":104,"column":1}},"106":{"start":{"line":107,"column":0},"end":{"line":107,"column":42}},"108":{"start":{"line":109,"column":0},"end":{"line":109,"column":72}},"109":{"start":{"line":110,"column":0},"end":{"line":110,"column":74}},"110":{"start":{"line":111,"column":0},"end":{"line":111,"column":47}},"111":{"start":{"line":112,"column":0},"end":{"line":112,"column":60}},"112":{"start":{"line":113,"column":0},"end":{"line":113,"column":5}},"113":{"start":{"line":114,"column":0},"end":{"line":114,"column":40}},"114":{"start":{"line":115,"column":0},"end":{"line":115,"column":4}},"115":{"start":{"line":116,"column":0},"end":{"line":116,"column":69}},"116":{"start":{"line":117,"column":0},"end":{"line":117,"column":21}},"117":{"start":{"line":118,"column":0},"end":{"line":118,"column":44}},"118":{"start":{"line":119,"column":0},"end":{"line":119,"column":14}},"119":{"start":{"line":120,"column":0},"end":{"line":120,"column":5}},"120":{"start":{"line":121,"column":0},"end":{"line":121,"column":35}},"121":{"start":{"line":122,"column":0},"end":{"line":122,"column":4}},"122":{"start":{"line":123,"column":0},"end":{"line":123,"column":76}},"123":{"start":{"line":124,"column":0},"end":{"line":124,"column":55}},"124":{"start":{"line":125,"column":0},"end":{"line":125,"column":60}},"125":{"start":{"line":126,"column":0},"end":{"line":126,"column":5}},"126":{"start":{"line":127,"column":0},"end":{"line":127,"column":24}},"127":{"start":{"line":128,"column":0},"end":{"line":128,"column":41}},"128":{"start":{"line":129,"column":0},"end":{"line":129,"column":5}},"129":{"start":{"line":130,"column":0},"end":{"line":130,"column":52}},"130":{"start":{"line":131,"column":0},"end":{"line":131,"column":39}},"131":{"start":{"line":132,"column":0},"end":{"line":132,"column":4}},"132":{"start":{"line":133,"column":0},"end":{"line":133,"column":86}},"133":{"start":{"line":134,"column":0},"end":{"line":134,"column":55}},"134":{"start":{"line":135,"column":0},"end":{"line":135,"column":60}},"135":{"start":{"line":136,"column":0},"end":{"line":136,"column":5}},"136":{"start":{"line":137,"column":0},"end":{"line":137,"column":23}},"137":{"start":{"line":138,"column":0},"end":{"line":138,"column":56}},"138":{"start":{"line":139,"column":0},"end":{"line":139,"column":41}},"139":{"start":{"line":140,"column":0},"end":{"line":140,"column":12}},"140":{"start":{"line":141,"column":0},"end":{"line":141,"column":23}},"141":{"start":{"line":142,"column":0},"end":{"line":142,"column":46}},"142":{"start":{"line":143,"column":0},"end":{"line":143,"column":18}},"143":{"start":{"line":144,"column":0},"end":{"line":144,"column":7}},"144":{"start":{"line":145,"column":0},"end":{"line":145,"column":37}},"145":{"start":{"line":146,"column":0},"end":{"line":146,"column":5}},"146":{"start":{"line":147,"column":0},"end":{"line":147,"column":4}},"147":{"start":{"line":148,"column":0},"end":{"line":148,"column":56}},"148":{"start":{"line":149,"column":0},"end":{"line":149,"column":59}},"149":{"start":{"line":150,"column":0},"end":{"line":150,"column":1}},"152":{"start":{"line":153,"column":0},"end":{"line":153,"column":34}},"153":{"start":{"line":154,"column":0},"end":{"line":154,"column":46}},"154":{"start":{"line":155,"column":0},"end":{"line":155,"column":3}}},"s":{"0":1,"4":1,"5":1,"6":1,"7":1,"8":1,"9":1,"10":1,"11":1,"12":1,"13":1,"14":1,"15":1,"16":1,"17":1,"18":1,"19":1,"20":1,"21":1,"22":1,"23":1,"24":1,"25":1,"26":1,"27":1,"28":1,"29":1,"30":1,"31":1,"32":1,"33":1,"34":1,"35":1,"36":1,"37":1,"40":1,"41":1,"42":1,"43":1,"44":1,"45":1,"46":1,"47":1,"48":1,"49":1,"50":1,"51":1,"52":1,"53":1,"54":1,"55":1,"56":1,"57":1,"58":1,"59":1,"60":1,"61":1,"62":1,"63":1,"64":1,"65":1,"66":1,"67":1,"68":1,"69":1,"70":1,"71":1,"72":1,"73":1,"74":1,"75":1,"76":1,"77":1,"78":1,"81":1,"82":321,"83":3531,"84":3531,"85":3531,"86":321,"87":321,"88":3531,"89":3531,"90":3531,"91":321,"92":321,"93":1284,"94":1284,"95":1284,"96":321,"97":321,"98":321,"99":321,"100":321,"101":321,"102":321,"103":321,"106":1,"108":292,"109":292,"110":0,"111":0,"112":0,"113":0,"114":292,"115":292,"116":0,"117":0,"118":0,"119":0,"120":0,"121":292,"122":292,"123":0,"124":0,"125":0,"126":0,"127":0,"128":0,"129":0,"130":0,"131":292,"132":292,"133":0,"134":0,"135":0,"136":0,"137":0,"138":0,"139":0,"140":0,"141":0,"142":0,"143":0,"144":0,"145":0,"146":292,"147":292,"148":292,"149":292,"152":1,"153":3,"154":1},"branchMap":{"0":{"type":"branch","line":153,"loc":{"start":{"line":153,"column":26},"end":{"line":155,"column":2}},"locations":[{"start":{"line":153,"column":26},"end":{"line":155,"column":2}}]},"1":{"type":"branch","line":154,"loc":{"start":{"line":154,"column":22},"end":{"line":154,"column":44}},"locations":[{"start":{"line":154,"column":22},"end":{"line":154,"column":44}}]},"2":{"type":"branch","line":82,"loc":{"start":{"line":82,"column":32},"end":{"line":104,"column":1}},"locations":[{"start":{"line":82,"column":32},"end":{"line":104,"column":1}}]},"3":{"type":"branch","line":83,"loc":{"start":{"line":83,"column":51},"end":{"line":87,"column":3}},"locations":[{"start":{"line":83,"column":51},"end":{"line":87,"column":3}}]},"4":{"type":"branch","line":88,"loc":{"start":{"line":88,"column":58},"end":{"line":92,"column":3}},"locations":[{"start":{"line":88,"column":58},"end":{"line":92,"column":3}}]},"5":{"type":"branch","line":93,"loc":{"start":{"line":93,"column":55},"end":{"line":97,"column":3}},"locations":[{"start":{"line":93,"column":55},"end":{"line":97,"column":3}}]},"6":{"type":"branch","line":107,"loc":{"start":{"line":107,"column":35},"end":{"line":150,"column":1}},"locations":[{"start":{"line":107,"column":35},"end":{"line":150,"column":1}}]}},"b":{"0":[3],"1":[38],"2":[321],"3":[3531],"4":[3531],"5":[1284],"6":[292]},"fnMap":{"0":{"name":"resetPrismaMocks","decl":{"start":{"line":82,"column":32},"end":{"line":104,"column":1}},"loc":{"start":{"line":82,"column":32},"end":{"line":104,"column":1}},"line":82},"1":{"name":"setupPrismaDefaults","decl":{"start":{"line":107,"column":35},"end":{"line":150,"column":1}},"loc":{"start":{"line":107,"column":35},"end":{"line":150,"column":1}},"line":107}},"f":{"0":321,"1":292}}
,"/Users/nathanvale/code/azure-devops-bot/src/mocks/server.ts": {"path":"/Users/nathanvale/code/azure-devops-bot/src/mocks/server.ts","all":false,"statementMap":{"0":{"start":{"line":1,"column":0},"end":{"line":1,"column":38}},"1":{"start":{"line":2,"column":0},"end":{"line":2,"column":70}},"3":{"start":{"line":4,"column":0},"end":{"line":4,"column":57}}},"s":{"0":1,"1":1,"3":1},"branchMap":{},"b":{},"fnMap":{},"f":{}}
,"/Users/nathanvale/code/azure-devops-bot/src/mocks/handlers/azure-devops.handlers.ts": {"path":"/Users/nathanvale/code/azure-devops-bot/src/mocks/handlers/azure-devops.handlers.ts","all":false,"statementMap":{"0":{"start":{"line":1,"column":0},"end":{"line":1,"column":40}},"3":{"start":{"line":4,"column":0},"end":{"line":4,"column":69}},"6":{"start":{"line":7,"column":0},"end":{"line":7,"column":23}},"7":{"start":{"line":8,"column":0},"end":{"line":8,"column":3}},"8":{"start":{"line":9,"column":0},"end":{"line":9,"column":13}},"9":{"start":{"line":10,"column":0},"end":{"line":10,"column":11}},"10":{"start":{"line":11,"column":0},"end":{"line":11,"column":13}},"11":{"start":{"line":12,"column":0},"end":{"line":12,"column":24}},"12":{"start":{"line":13,"column":0},"end":{"line":13,"column":54}},"13":{"start":{"line":14,"column":0},"end":{"line":14,"column":31}},"14":{"start":{"line":15,"column":0},"end":{"line":15,"column":42}},"15":{"start":{"line":16,"column":0},"end":{"line":16,"column":28}},"16":{"start":{"line":17,"column":0},"end":{"line":17,"column":35}},"17":{"start":{"line":18,"column":0},"end":{"line":18,"column":45}},"18":{"start":{"line":19,"column":0},"end":{"line":19,"column":8}},"19":{"start":{"line":20,"column":0},"end":{"line":20,"column":51}},"20":{"start":{"line":21,"column":0},"end":{"line":21,"column":51}},"21":{"start":{"line":22,"column":0},"end":{"line":22,"column":54}},"22":{"start":{"line":23,"column":0},"end":{"line":23,"column":69}},"23":{"start":{"line":24,"column":0},"end":{"line":24,"column":42}},"24":{"start":{"line":25,"column":0},"end":{"line":25,"column":51}},"25":{"start":{"line":26,"column":0},"end":{"line":26,"column":95}},"26":{"start":{"line":27,"column":0},"end":{"line":27,"column":5}},"27":{"start":{"line":28,"column":0},"end":{"line":28,"column":4}},"28":{"start":{"line":29,"column":0},"end":{"line":29,"column":3}},"29":{"start":{"line":30,"column":0},"end":{"line":30,"column":13}},"30":{"start":{"line":31,"column":0},"end":{"line":31,"column":11}},"31":{"start":{"line":32,"column":0},"end":{"line":32,"column":13}},"32":{"start":{"line":33,"column":0},"end":{"line":33,"column":24}},"33":{"start":{"line":34,"column":0},"end":{"line":34,"column":45}},"34":{"start":{"line":35,"column":0},"end":{"line":35,"column":29}},"35":{"start":{"line":36,"column":0},"end":{"line":36,"column":36}},"36":{"start":{"line":37,"column":0},"end":{"line":37,"column":28}},"37":{"start":{"line":38,"column":0},"end":{"line":38,"column":35}},"38":{"start":{"line":39,"column":0},"end":{"line":39,"column":45}},"39":{"start":{"line":40,"column":0},"end":{"line":40,"column":8}},"40":{"start":{"line":41,"column":0},"end":{"line":41,"column":51}},"41":{"start":{"line":42,"column":0},"end":{"line":42,"column":51}},"42":{"start":{"line":43,"column":0},"end":{"line":43,"column":54}},"43":{"start":{"line":44,"column":0},"end":{"line":44,"column":69}},"44":{"start":{"line":45,"column":0},"end":{"line":45,"column":42}},"45":{"start":{"line":46,"column":0},"end":{"line":46,"column":75}},"46":{"start":{"line":47,"column":0},"end":{"line":47,"column":5}},"47":{"start":{"line":48,"column":0},"end":{"line":48,"column":3}},"48":{"start":{"line":49,"column":0},"end":{"line":49,"column":1}},"51":{"start":{"line":52,"column":0},"end":{"line":52,"column":45}},"52":{"start":{"line":53,"column":0},"end":{"line":53,"column":39}},"53":{"start":{"line":54,"column":0},"end":{"line":54,"column":20}},"54":{"start":{"line":55,"column":0},"end":{"line":55,"column":36}},"55":{"start":{"line":56,"column":0},"end":{"line":56,"column":43}},"57":{"start":{"line":58,"column":0},"end":{"line":58,"column":14}},"58":{"start":{"line":59,"column":0},"end":{"line":59,"column":65}},"59":{"start":{"line":60,"column":0},"end":{"line":60,"column":57}},"60":{"start":{"line":61,"column":0},"end":{"line":61,"column":38}},"61":{"start":{"line":62,"column":0},"end":{"line":62,"column":7}},"63":{"start":{"line":64,"column":0},"end":{"line":64,"column":32}},"64":{"start":{"line":65,"column":0},"end":{"line":65,"column":36}},"65":{"start":{"line":66,"column":0},"end":{"line":66,"column":28}},"66":{"start":{"line":67,"column":0},"end":{"line":67,"column":8}},"67":{"start":{"line":68,"column":0},"end":{"line":68,"column":5}},"69":{"start":{"line":70,"column":0},"end":{"line":70,"column":30}},"70":{"start":{"line":71,"column":0},"end":{"line":71,"column":34}},"71":{"start":{"line":72,"column":0},"end":{"line":72,"column":26}},"72":{"start":{"line":73,"column":0},"end":{"line":73,"column":6}},"73":{"start":{"line":74,"column":0},"end":{"line":74,"column":3}},"74":{"start":{"line":75,"column":0},"end":{"line":75,"column":1}},"76":{"start":{"line":77,"column":0},"end":{"line":77,"column":47}},"77":{"start":{"line":78,"column":0},"end":{"line":78,"column":34}},"78":{"start":{"line":79,"column":0},"end":{"line":79,"column":26}},"79":{"start":{"line":80,"column":0},"end":{"line":80,"column":44}},"80":{"start":{"line":81,"column":0},"end":{"line":81,"column":49}},"83":{"start":{"line":84,"column":0},"end":{"line":84,"column":37}},"85":{"start":{"line":86,"column":0},"end":{"line":86,"column":47}},"86":{"start":{"line":87,"column":0},"end":{"line":87,"column":51}},"87":{"start":{"line":88,"column":0},"end":{"line":88,"column":48}},"88":{"start":{"line":89,"column":0},"end":{"line":89,"column":7}},"89":{"start":{"line":90,"column":0},"end":{"line":90,"column":52}},"90":{"start":{"line":91,"column":0},"end":{"line":91,"column":51}},"91":{"start":{"line":92,"column":0},"end":{"line":92,"column":46}},"92":{"start":{"line":93,"column":0},"end":{"line":93,"column":7}},"93":{"start":{"line":94,"column":0},"end":{"line":94,"column":65}},"94":{"start":{"line":95,"column":0},"end":{"line":95,"column":51}},"95":{"start":{"line":96,"column":0},"end":{"line":96,"column":59}},"96":{"start":{"line":97,"column":0},"end":{"line":97,"column":7}},"97":{"start":{"line":98,"column":0},"end":{"line":98,"column":5}},"99":{"start":{"line":100,"column":0},"end":{"line":100,"column":30}},"100":{"start":{"line":101,"column":0},"end":{"line":101,"column":24}},"101":{"start":{"line":102,"column":0},"end":{"line":102,"column":45}},"102":{"start":{"line":103,"column":0},"end":{"line":103,"column":20}},"103":{"start":{"line":104,"column":0},"end":{"line":104,"column":105}},"104":{"start":{"line":105,"column":0},"end":{"line":105,"column":9}},"105":{"start":{"line":106,"column":0},"end":{"line":106,"column":6}},"106":{"start":{"line":107,"column":0},"end":{"line":107,"column":3}},"107":{"start":{"line":108,"column":0},"end":{"line":108,"column":1}},"109":{"start":{"line":110,"column":0},"end":{"line":110,"column":47}},"110":{"start":{"line":111,"column":0},"end":{"line":111,"column":46}},"111":{"start":{"line":112,"column":0},"end":{"line":112,"column":34}},"112":{"start":{"line":113,"column":0},"end":{"line":113,"column":38}},"113":{"start":{"line":114,"column":0},"end":{"line":114,"column":46}},"116":{"start":{"line":117,"column":0},"end":{"line":117,"column":71}},"117":{"start":{"line":118,"column":0},"end":{"line":118,"column":83}},"119":{"start":{"line":120,"column":0},"end":{"line":120,"column":59}},"121":{"start":{"line":122,"column":0},"end":{"line":122,"column":21}},"122":{"start":{"line":123,"column":0},"end":{"line":123,"column":16}},"123":{"start":{"line":124,"column":0},"end":{"line":124,"column":13}},"124":{"start":{"line":125,"column":0},"end":{"line":125,"column":15}},"125":{"start":{"line":126,"column":0},"end":{"line":126,"column":27}},"126":{"start":{"line":127,"column":0},"end":{"line":127,"column":58}},"127":{"start":{"line":128,"column":0},"end":{"line":128,"column":30}},"128":{"start":{"line":129,"column":0},"end":{"line":129,"column":56}},"129":{"start":{"line":130,"column":0},"end":{"line":130,"column":30}},"130":{"start":{"line":131,"column":0},"end":{"line":131,"column":37}},"131":{"start":{"line":132,"column":0},"end":{"line":132,"column":47}},"132":{"start":{"line":133,"column":0},"end":{"line":133,"column":10}},"133":{"start":{"line":134,"column":0},"end":{"line":134,"column":55}},"134":{"start":{"line":135,"column":0},"end":{"line":135,"column":55}},"135":{"start":{"line":136,"column":0},"end":{"line":136,"column":56}},"136":{"start":{"line":137,"column":0},"end":{"line":137,"column":77}},"137":{"start":{"line":138,"column":0},"end":{"line":138,"column":44}},"138":{"start":{"line":139,"column":0},"end":{"line":139,"column":56}},"139":{"start":{"line":140,"column":0},"end":{"line":140,"column":7}},"140":{"start":{"line":141,"column":0},"end":{"line":141,"column":5}},"142":{"start":{"line":143,"column":0},"end":{"line":143,"column":54}},"143":{"start":{"line":144,"column":0},"end":{"line":144,"column":3}},"144":{"start":{"line":145,"column":0},"end":{"line":145,"column":1}},"146":{"start":{"line":147,"column":0},"end":{"line":147,"column":48}},"147":{"start":{"line":148,"column":0},"end":{"line":148,"column":43}},"148":{"start":{"line":149,"column":0},"end":{"line":149,"column":34}},"149":{"start":{"line":150,"column":0},"end":{"line":150,"column":44}},"150":{"start":{"line":151,"column":0},"end":{"line":151,"column":46}},"152":{"start":{"line":153,"column":0},"end":{"line":153,"column":67}},"153":{"start":{"line":154,"column":0},"end":{"line":154,"column":24}},"154":{"start":{"line":155,"column":0},"end":{"line":155,"column":31}},"155":{"start":{"line":156,"column":0},"end":{"line":156,"column":49}},"156":{"start":{"line":157,"column":0},"end":{"line":157,"column":23}},"157":{"start":{"line":158,"column":0},"end":{"line":158,"column":7}},"158":{"start":{"line":159,"column":0},"end":{"line":159,"column":5}},"161":{"start":{"line":162,"column":0},"end":{"line":162,"column":52}},"162":{"start":{"line":163,"column":0},"end":{"line":163,"column":31}},"163":{"start":{"line":164,"column":0},"end":{"line":164,"column":80}},"164":{"start":{"line":165,"column":0},"end":{"line":165,"column":64}},"165":{"start":{"line":166,"column":0},"end":{"line":166,"column":50}},"166":{"start":{"line":167,"col
[...]
,"/Users/nathanvale/code/azure-devops-bot/src/services/sync-service.ts": {"path":"/Users/nathanvale/code/azure-devops-bot/src/services/sync-service.ts","all":false,"statementMap":{"0":{"start":{"line":1,"column":0},"end":{"line":1,"column":38}},"1":{"start":{"line":2,"column":0},"end":{"line":2,"column":54}},"2":{"start":{"line":3,"column":0},"end":{"line":3,"column":48}},"4":{"start":{"line":5,"column":0},"end":{"line":5,"column":26}},"5":{"start":{"line":6,"column":0},"end":{"line":6,"column":26}},"6":{"start":{"line":7,"column":0},"end":{"line":7,"column":36}},"7":{"start":{"line":8,"column":0},"end":{"line":8,"column":30}},"8":{"start":{"line":9,"column":0},"end":{"line":9,"column":53}},"10":{"start":{"line":11,"column":0},"end":{"line":11,"column":17}},"11":{"start":{"line":12,"column":0},"end":{"line":12,"column":32}},"12":{"start":{"line":13,"column":0},"end":{"line":13,"column":42}},"13":{"start":{"line":14,"column":0},"end":{"line":14,"column":36}},"14":{"start":{"line":15,"column":0},"end":{"line":15,"column":3}},"16":{"start":{"line":17,"column":0},"end":{"line":17,"column":38}},"17":{"start":{"line":18,"column":0},"end":{"line":18,"column":9}},"18":{"start":{"line":19,"column":0},"end":{"line":19,"column":35}},"19":{"start":{"line":20,"column":0},"end":{"line":20,"column":59}},"20":{"start":{"line":21,"column":0},"end":{"line":21,"column":45}},"21":{"start":{"line":22,"column":0},"end":{"line":22,"column":61}},"22":{"start":{"line":23,"column":0},"end":{"line":23,"column":21}},"23":{"start":{"line":24,"column":0},"end":{"line":24,"column":45}},"24":{"start":{"line":25,"column":0},"end":{"line":25,"column":18}},"25":{"start":{"line":26,"column":0},"end":{"line":26,"column":5}},"26":{"start":{"line":27,"column":0},"end":{"line":27,"column":3}},"28":{"start":{"line":29,"column":0},"end":{"line":29,"column":74}},"29":{"start":{"line":30,"column":0},"end":{"line":30,"column":33}},"31":{"start":{"line":32,"column":0},"end":{"line":32,"column":9}},"32":{"start":{"line":33,"column":0},"end":{"line":33,"column":35}},"35":{"start":{"line":36,"column":0},"end":{"line":36,"column":61}},"36":{"start":{"line":37,"column":0},"end":{"line":37,"column":61}},"38":{"start":{"line":39,"column":0},"end":{"line":39,"column":81}},"41":{"start":{"line":42,"column":0},"end":{"line":42,"column":99}},"44":{"start":{"line":45,"column":0},"end":{"line":45,"column":53}},"47":{"start":{"line":48,"column":0},"end":{"line":48,"column":61}},"49":{"start":{"line":50,"column":0},"end":{"line":50,"column":33}},"50":{"start":{"line":51,"column":0},"end":{"line":51,"column":43}},"52":{"start":{"line":53,"column":0},"end":{"line":53,"column":88}},"53":{"start":{"line":54,"column":0},"end":{"line":54,"column":66}},"54":{"start":{"line":55,"column":0},"end":{"line":55,"column":147}},"56":{"start":{"line":57,"column":0},"end":{"line":57,"column":21}},"57":{"start":{"line":58,"column":0},"end":{"line":58,"column":54}},"58":{"start":{"line":59,"column":0},"end":{"line":59,"column":18}},"59":{"start":{"line":60,"column":0},"end":{"line":60,"column":5}},"60":{"start":{"line":61,"column":0},"end":{"line":61,"column":3}},"62":{"start":{"line":63,"column":0},"end":{"line":63,"column":75}},"63":{"start":{"line":64,"column":0},"end":{"line":64,"column":57}},"64":{"start":{"line":65,"column":0},"end":{"line":65,"column":25}},"65":{"start":{"line":66,"column":0},"end":{"line":66,"column":24}},"66":{"start":{"line":67,"column":0},"end":{"line":67,"column":33}},"68":{"start":{"line":69,"column":0},"end":{"line":69,"column":39}},"69":{"start":{"line":70,"column":0},"end":{"line":70,"column":11}},"70":{"start":{"line":71,"column":0},"end":{"line":71,"column":23}},"73":{"start":{"line":74,"column":0},"end":{"line":74,"column":57}},"74":{"start":{"line":75,"column":0},"end":{"line":75,"column":22}},"75":{"start":{"line":76,"column":0},"end":{"line":76,"column":37}},"76":{"start":{"line":77,"column":0},"end":{"line":77,"column":31}},"77":{"start":{"line":78,"column":0},"end":{"line":78,"column":22}},"78":{"start":{"line":79,"column":0},"end":{"line":79,"column":10}},"80":{"start":{"line":81,"column":0},"end":{"line":81,"column":24}},"82":{"start":{"line":83,"column":0},"end":{"line":83,"column":80}},"83":{"start":{"line":84,"column":0},"end":{"line":84,"column":56}},"84":{"start":{"line":85,"column":0},"end":{"line":85,"column":24}},"85":{"start":{"line":86,"column":0},"end":{"line":86,"column":9}},"86":{"start":{"line":87,"column":0},"end":{"line":87,"column":23}},"87":{"start":{"line":88,"column":0},"end":{"line":88,"column":89}},"89":{"start":{"line":90,"column":0},"end":{"line":90,"column":7}},"90":{"start":{"line":91,"column":0},"end":{"line":91,"column":5}},"92":{"start":{"line":93,"column":0},"end":{"line":93,"column":31}},"93":{"start":{"line":94,"column":0},"end":{"line":94,"column":41}},"95":{"start":{"line":96,"column":0},"end":{"line":96,"column":124}},"96":{"start":{"line":97,"column":0},"end":{"line":97,"column":3}},"98":{"start":{"line":99,"column":0},"end":{"line":99,"column":37}},"99":{"start":{"line":100,"column":0},"end":{"line":100,"column":71}},"100":{"start":{"line":101,"column":0},"end":{"line":101,"column":51}},"102":{"start":{"line":103,"column":0},"end":{"line":103,"column":22}},"103":{"start":{"line":104,"column":0},"end":{"line":104,"column":47}},"104":{"start":{"line":105,"column":0},"end":{"line":105,"column":41}},"105":{"start":{"line":106,"column":0},"end":{"line":106,"column":136}},"106":{"start":{"line":107,"column":0},"end":{"line":107,"column":43}},"107":{"start":{"line":108,"column":0},"end":{"line":108,"column":7}},"108":{"start":{"line":109,"column":0},"end":{"line":109,"column":32}},"109":{"start":{"line":110,"column":0},"end":{"line":110,"column":5}},"111":{"start":{"line":112,"column":0},"end":{"line":112,"column":39}},"112":{"start":{"line":113,"column":0},"end":{"line":113,"column":3}},"114":{"start":{"line":115,"column":0},"end":{"line":115,"column":77}},"115":{"start":{"line":116,"column":0},"end":{"line":116,"column":49}},"116":{"start":{"line":117,"column":0},"end":{"line":117,"column":56}},"118":{"start":{"line":119,"column":0},"end":{"line":119,"column":49}},"119":{"start":{"line":120,"column":0},"end":{"line":120,"column":11}},"120":{"start":{"line":121,"column":0},"end":{"line":121,"column":30}},"121":{"start":{"line":122,"column":0},"end":{"line":122,"column":43}},"122":{"start":{"line":123,"column":0},"end":{"line":123,"column":16}},"123":{"start":{"line":124,"column":0},"end":{"line":124,"column":35}},"124":{"start":{"line":125,"column":0},"end":{"line":125,"column":9}},"125":{"start":{"line":126,"column":0},"end":{"line":126,"column":23}},"126":{"start":{"line":127,"column":0},"end":{"line":127,"column":56}},"127":{"start":{"line":128,"column":0},"end":{"line":128,"column":7}},"128":{"start":{"line":129,"column":0},"end":{"line":129,"column":22}},"130":{"start":{"line":131,"column":0},"end":{"line":131,"column":64}},"131":{"start":{"line":132,"column":0},"end":{"line":132,"column":88}},"132":{"start":{"line":133,"column":0},"end":{"line":133,"column":3}},"134":{"start":{"line":135,"column":0},"end":{"line":135,"column":30}},"135":{"start":{"line":136,"column":0},"end":{"line":136,"column":28}},"136":{"start":{"line":137,"column":0},"end":{"line":137,"column":39}},"137":{"start":{"line":138,"column":0},"end":{"line":138,"column":31}},"138":{"start":{"line":139,"column":0},"end":{"line":139,"column":49}},"139":{"start":{"line":140,"column":0},"end":{"line":140,"column":5}},"140":{"start":{"line":141,"column":0},"end":{"line":141,"column":3}},"142":{"start":{"line":143,"column":0},"end":{"line":143,"column":40}},"143":{"start":{"line":144,"column":0},"end":{"line":144,"column":53}},"144":{"start":{"line":145,"column":0},"end":{"line":145,"column":31}},"146":{"start":{"line":147,"column":0},"end":{"line":147,"column":27}},"147":{"start":{"line":148,"column":0},"end":{"line":148,"column":61}},"148":{"start":{"line":149,"column":0},"end":{"line":149,"column":38}},"150":{"start":{"line":151,"column":0},"end":{"line":151,"column":39}},"151":{"start":{"line":152,"column":0},"end":{"line":152,"column":3}},"153":{"start":{"line":154,"column":0},"end":{"line":154,"column":32}},"154":{"start":{"line":155,"column":0},"end":{"line":155,"column":30}},"155":{"start":{"line":156,"column":0},"end":{"line":156,"column":26}},"156":{"start":{"line":157,"column":0},"end":{"line":157,"column":3}},"157":{"start":{"line":158,"column":0},"end":{"line":158,"column":1}}},"s":{"0":1,"1":1,"2":1,"4":1,"5":40,"6":40,"7":40,"8":40,"10":40,"11":40,"12":40,"13":40,"14":40,"16":40,"17":8,"18":8,"19":7,"20":6,"21":5,"22":8,"23":3,"24":3,"25":3,"26":8,"28":40,"29":14,"31":14,"32":14,"35":13,"36":12,"38":12,"41":12,"44":11,"47":10,"49":10,"50":10,"52":10,"53":10,"54":10,"56":14,"57":4,"58":4,"59":4,"60":14,"62":40,"63":10,"64":10,"65":10,"66":10,"68":10,"69":10,"70":10,"73":10,"74":10,"75":10,"76":10,"77":10,"78":10,"80":10,"82":4,"83":3,"84":3,"85":3,"86":10,"87":1,"89":1,"90":10,"92":10,"93":10,"95":10,"96":10,"98":40,"99":9,"100":9,"102":9,"103":2,"104":2,"105":1,"106":1,"107":1,"108":1,"109":1,"111":7,"112":9,"114":40,"115":9,"116":9,"118":9,"119":5,"120":5,"121":4,"122":5,"123":1,"124":1,"125":5,"126":2,"127":2,"128":9,"130":9,"131":9,"132":9,"134":40,"135":46,"136":9,"137":9,"138":9,"139":9,"140":46,"142":40,"143":7,"144":7,"146":4,"147":4,"148":4,"150":4,"151":7,"153":40,"154":3,"155":3,"156":3,"157":40},"branchMap":{"0":{"type":"branch","line":5,"loc":{"start":{"line":5,"column":25},"end":{"line":158,"column":1}},"locations":[{"start":{"line":5,"column":25},"end":{"line":158,"column":1}}]},"1":{"type":"branch","line":11,"loc":{"start":{"line":11,"column":2},"end":{"line":15,"column":3}},"locations":[{"start":{"line":11,"column":2},"end":{"line":15,"column":3}}]},"2":{"type":"branch","line":17,"loc":{"start":{"line":17,"column":2},"end":{"line":27,"column":3}},"locations":[{"start":{"line":17,"column":2},"end":{"line":27,"column":3}}]},"3":{"type":"branch","line":19,"loc":{"start":{"line":19,"column":33},"end":{"line":20,"column":59}},"locations":[{"start":{"line":19,"column":33},"end":{"line":20,"column":59}}]},"4":{"type":"branch","line":20,"loc":{"start":{"line":20,"column":57},"end":{"line":21,"column":45}},"locations":[{"start":{"line":20,"column":57},"end":{"line":21,"column":45}}]},"5":{"type":"branch","line":21,"loc":{"start":{"line":21,"column":43},"end":{"line":23,"column":13}},"locations":[{"start":{"line":21,"column":43},"end":{"line":23,"column":13}}]},"6":{"type":"branch","line":23,"loc":{"start":{"line":23,"column":4},"end":{"line":26,"column":5}},"locations":[{"start":{"line":23,"column":4},"end":{"line":26,"column":5}}]},"7":{"type":"branch","line":29,"loc":{"start":{"line":29,"column":2},"end":{"line":61,"column":3}},"locations":[{"start":{"line":29,"column":2},"end":{"line":61,"column":3}}]},"8":{"type":"branch","line":33,"loc":{"start":{"line":33,"column":33},"end":{"line":36,"column":61}},"locations":[{"start":{"line":33,"column":33},"end":{"line":36,"column":61}}]},"9":{"type":"branch","line":36,"loc":{"start":{"line":36,"column":59},"end":{"line":42,"column":99}},"locations":[{"start":{"line":36,"column":59},"end":{"line":42,"column":99}}]},"10":{"type":"branch","line":42,"loc":{"start":{"line":42,"column":97},"end":{"line":45,"column":53}},"locations":[{"start":{"line":42,"column":97},"end":{"line":45,"column":53}}]},"11":{"type":"branch","line":45,"loc":{"start":{"line":45,"column":51},"end":{"line":57,"column":13}},"locations":[{"start":{"line":45,"column":51},"end":{"line":57,"column":13}}]},"12":{"type":"branch","line":57,"loc":{"start":{"line":57,"column":4},"end":{"line":60,"column":5}},"locations":[{"start":{"line":57,"column":4},"end":{"line":60,"column":5}}]},"13":{"type":"branch","line":37,"loc":{"start":{"line":37,"column":37},"end":{"line":37,"column":59}},"locations":[{"start":{"line":37,"column":37},"end":{"line":37,"column":59}}]},"14":{"type":"branch","line":63,"loc":{"start":{"line":63,"column":2},"end":{"line":97,"column":3}},"locations":[{"start":{"line":63,"column":2},"end":{"line":97,"column":3}}]},"15":{"type":"branch","line":76,"loc":{"start":{"line":76,"column":19},"end":{"line":76,"column":37}},"locations":[{"start":{"line":76,"column":19},"end":{"line":76,"column":37}}]},"16":{"type":"branch","line":81,"loc":{"start":{"line":81,"column":23},"end":{"line":86,"column":9}},"locations":[{"start":{"line":81,"column":23},"end":{"line":86,"column":9}}]},"17":{"type":"branch","line":83,"loc":{"start":{"line":83,"column":78},"end":{"line":86,"column":9}},"locations":[{"start":{"line":83,"column":78},"end":{"line":86,"column":9}}]},"18":{"type":"branch","line":87,"loc":{"start":{"line":87,"column":6},"end":{"line":90,"column":7}},"locations":[{"start":{"line":87,"column":6},"end":{"line":90,"column":7}}]},"19":{"type":"branch","line":99,"loc":{"start":{"line":99,"column":10},"end":{"line":113,"column":3}},"locations":[{"start":{"line":99,"column":10},"end":{"line":113,"column":3}}]},"20":{"type":"branch","line":103,"loc":{"start":{"line":103,"column":21},"end":{"line":110,"column":5}},"locations":[{"start":{"line":103,"column":21},"end":{"line":110,"column":5}}]},"21":{"type":"branch","line":105,"loc":{"start":{"line":105,"column":22},"end":{"line":105,"column":40}},"locations":[{"start":{"line":105,"column":22},"end":{"line":105,"column":40}}]},"22":{"type":"branch","line":105,"loc":{"start":{"line":105,"column":40},"end":{"line":110,"column":5}},"locations":[{"start":{"line":105,"column":40},"end":{"line":110,"column":5}}]},"23":{"type":"branch","line":110,"loc":{"start":{"line":110,"column":4},"end":{"line":112,"column":39}},"locations":[{"start":{"line":110,"column":4},"end":{"line":112,"column":39}}]},"24":{"type":"branch","line":115,"loc":{"start":{"line":115,"column":2},"end":{"line":133,"column":3}},"locations":[{"start":{"line":115,"column":2},"end":{"line":133,"column":3}}]},"25":{"type":"branch","line":131,"loc":{"start":{"line":131,"column":21},"end":{"line":131,"column":57}},"locations":[{"start":{"line":131,"column":21},"end":{"line":131,"column":57}}]},"26":{"type":"branch","line":131,"loc":{"start":{"line":131,"column":39},"end":{"line":131,"column":64}},"locations":[{"start":{"line":131,"column":39},"end":{"line":131,"column":64}}]},"27":{"type":"branch","line":119,"loc":{"start":{"line":119,"column":36},"end":{"line":129,"column":7}},"locations":[{"start":{"line":119,"column":36},"end":{"line":129,"column":7}}]},"28":{"type":"branch","line":121,"loc":{"start":{"line":121,"column":29},"end":{"line":123,"column":15}},"locations":[{"start":{"line":121,"column":29},"end":{"line":123,"column":15}}]},"29":{"type":"branch","line":122,"loc":{"start":{"line":122,"column":41},"end":{"line":123,"column":15}},"locations":[{"start":{"line":122,"column":41},"end":{"line":123,"column":15}}]},"30":{"type":"branch","line":123,"loc":{"start":{"line":123,"column":8},"end":{"line":125,"column":9}},"locations":[{"start":{"line":123,"column":8},"end":{"line":125,"column":9}}]},"31":{"type":"branch","line":126,"loc":{"start":{"line":126,"column":6},"end":{"line":128,"column":7}},"locations":[{"start":{"line":126,"column":6},"end":{"line":128,"column":7}}]},"32":{"type":"branch","line":135,"loc":{"start":{"line":135,"column":2},"end":{"line":141,"column":3}},"locations":[{"start":{"line":135,"column":2},"end":{"line":141,"column":3}}]},"33":{"type":"branch","line":136,"loc":{"start":{"line":136,"column":27},"end":{"line":140,"column":5}},"locations":[{"start":{"line":136,"column":27},"end":{"line":140,"column":5}}]},"34":{"type":"branch","line":143,"loc":{"start":{"line":143,"column":2},"end":{"line":152,"column":3}},"locations":[{"start":{"line":143,"column":2},"end":{"line":152,"column":3}}]},"35":{"type":"branch","line":144,"loc":{"start":{"line":144,"column":51},"end":{"line":145,"column":26}},"locations":[{"start":{"line":144,"column":51},"end":{"line":145,"column":26}}]},"36":{"type":"branch","line":145,"loc":{"start":{"line":145,"column":19},"end":{"line":145,"column":31}},"locations":[{"start":{"line":145,"column":19},"end":{"line":145,"column":31}}]},"37":{"type":"branch","line":145,"loc":{"start":{"line":145,"column":26},"end":{"line":151,"column":39}},"locations":[{"start":{"line":145,"column":26},"end":{"line":151,"column":39}}]},"38":{"type":"branch","line":154,"loc":{"start":{"line":154,"column":2},"end":{"line":157,"column":3}},"locations":[{"start":{"line":154,"column":2},"end":{"line":157,"column":3}}]},"39":{"type":"branch","line":156,"loc":{"start":{"line":156,"column":24},"end":{"line":156,"column":26}},"locations":[{"start":{"line":156,"column":24},"end":{"line":156,"column":26}}]}},"b":{"0":[40],"1":[40],"2":[8],"3":[7],"4":[6],"5":[5],"6":[3],"7":[14],"8":[13],"9":[12],"10":[11],"11":[10],"12":[4],"13":[19],"14":[10],"15":[5],"16":[4],"17":[3],"18":[1],"19":[9],"20":[2],"21":[1],"22":[1],"23":[7],"24":[9],"25":[8],"26":[1],"27":[5],"28":[4],"29":[2],"30":[1],"31":[2],"32":[46],"33":[9],"34":[7],"35":[6],"36":[2],"37":[4],"38":[3],"39":[1]},"fnMap":{"0":{"name":"<instance_members_initializer>","decl":{"start":{"line":5,"column":25},"end":{"line":158,"column":1}},"loc":{"start":{"line":5,"column":25},"end":{"line":158,"column":1}},"line":5},"1":{"name":"SyncService","decl":{"start":{"line":11,"column":2},"end":{"line":15,"column":3}},"loc":{"start":{"line":11,"column":2},"end":{"line":15,"column":3}},"line":11},"2":{"name":"performSync","decl":{"start":{"line":17,"column":2},"end":{"line":27,"column":3}},"loc":{"start":{"line":17,"column":2},"end":{"line":27,"column":3}},"line":17},"3":{"name":"performSyncDetailed","decl":{"start":{"line":29,"column":2},"end":{"line":61,"column":3}},"loc":{"start":{"line":29,"column":2},"end":{"line":61,"column":3}},"line":29},"4":{"name":"syncCommentsForWorkItems","decl":{"start":{"line":63,"column":2},"end":{"line":97,"column":3}},"loc":{"start":{"line":63,"column":2},"end":{"line":97,"column":3}},"line":63},"5":{"name":"getSyncInterval","decl":{"start":{"line":99,"column":10},"end":{"line":113,"column":3}},"loc":{"start":{"line":99,"column":10},"end":{"line":113,"column":3}},"line":99},"6":{"name":"startBackgroundSync","decl":{"start":{"line":115,"column":2},"end":{"line":133,"column":3}},"loc":{"start":{"line":115,"column":2},"end":{"line":133,"column":3}},"line":115},"7":{"name":"stopBackgroundSync","decl":{"start":{"line":135,"column":2},"end":{"line":141,"column":3}},"loc":{"start":{"line":135,"column":2},"end":{"line":141,"column":3}},"line":135},"8":{"name":"shouldSync","decl":{"start":{"line":143,"column":2},"end":{"line":152,"column":3}},"loc":{"start":{"line":143,"column":2},"end":{"line":152,"column":3}},"line":143},"9":{"name":"close","decl":{"start":{"line":154,"column":2},"end":{"line":157,"column":3}},"loc":{"start":{"line":154,"column":2},"end":{"line":157,"column":3}},"line":154}},"f":{"0":40,"1":40,"2":8,"3":14,"4":10,"5":9,"6":9,"7":46,"8":7,"9":3}}
,"/Users/nathanvale/code/azure-devops-bot/src/types/test-utils.ts": {"path":"/Users/nathanvale/code/azure-devops-bot/src/types/test-utils.ts","all":true,"statementMap":{"0":{"start":{"line":1,"column":0},"end":{"line":1,"column":28}},"9":{"start":{"line":10,"column":0},"end":{"line":10,"column":95}},"10":{"start":{"line":11,"column":0},"end":{"line":11,"column":38}},"11":{"start":{"line":12,"column":0},"end":{"line":12,"column":2}}},"s":{"0":0,"9":0,"10":0,"11":0},"branchMap":{"0":{"type":"branch","line":1,"loc":{"start":{"line":1,"column":613},"end":{"line":12,"column":2}},"locations":[{"start":{"line":1,"column":613},"end":{"line":12,"column":2}}]}},"b":{"0":[0]},"fnMap":{"0":{"name":"(empty-report)","decl":{"start":{"line":1,"column":613},"end":{"line":12,"column":2}},"loc":{"start":{"line":1,"column":613},"end":{"line":12,"column":2}},"line":1}},"f":{"0":0}}
}
